Log file open, 01/07/19 15:33:30
LogWindows: Failed to load 'aqProf.dll' (GetLastError=126)
LogWindows: File 'aqProf.dll' does not exist
LogWindows: Failed to load 'VSPerf140.dll' (GetLastError=126)
LogWindows: File 'VSPerf140.dll' does not exist
LogWindows: Failed to load 'VtuneApi.dll' (GetLastError=126)
LogWindows: File 'VtuneApi.dll' does not exist
LogWindows: Failed to load 'VtuneApi32e.dll' (GetLastError=126)
LogWindows: File 'VtuneApi32e.dll' does not exist
LogInit: Display: Running engine for game: AgarIO
LogPlatformFile: Not using cached read wrapper
LogTaskGraph: Started task graph with 5 named threads and 11 total threads with 3 sets of task threads.
LogStats: Stats thread started at 0.254541
LogD3D11RHI: Loaded GFSDK_Aftermath_Lib.x64.dll
LogICUInternationalization: Display: ICU TimeZone Detection - Raw Offset: +3:00, Platform Override: ''
LogPluginManager: Mounting plugin Paper2D
LogPluginManager: Mounting plugin AISupport
LogPluginManager: Mounting plugin LightPropagationVolume
LogPluginManager: Mounting plugin CLionSourceCodeAccess
LogPluginManager: Mounting plugin CodeLiteSourceCodeAccess
LogPluginManager: Mounting plugin GitSourceControl
LogPluginManager: Mounting plugin KDevelopSourceCodeAccess
LogPluginManager: Mounting plugin NullSourceCodeAccess
LogPluginManager: Mounting plugin PerforceSourceControl
LogPluginManager: Mounting plugin SubversionSourceControl
LogPluginManager: Mounting plugin UObjectPlugin
LogPluginManager: Mounting plugin VisualStudioCodeSourceCodeAccess
LogPluginManager: Mounting plugin VisualStudioSourceCodeAccess
LogPluginManager: Mounting plugin XCodeSourceCodeAccess
LogPluginManager: Mounting plugin AssetManagerEditor
LogPluginManager: Mounting plugin CryptoKeys
LogPluginManager: Mounting plugin DataValidation
LogPluginManager: Mounting plugin FacialAnimation
LogPluginManager: Mounting plugin GameplayTagsEditor
LogPluginManager: Mounting plugin MacGraphicsSwitching
LogPluginManager: Mounting plugin MeshEditor
LogPluginManager: Mounting plugin MobileLauncherProfileWizard
LogPluginManager: Mounting plugin PluginBrowser
LogPluginManager: Mounting plugin SpeedTreeImporter
LogPluginManager: Mounting plugin DatasmithContent
LogPluginManager: Mounting plugin AlembicImporter
LogPluginManager: Mounting plugin AppleImageUtils
LogPluginManager: Mounting plugin AppleVision
LogPluginManager: Mounting plugin BackChannel
LogPluginManager: Mounting plugin CharacterAI
LogPluginManager: Mounting plugin GeometryCache
LogPluginManager: Mounting plugin HTML5Networking
LogPluginManager: Mounting plugin ProxyLODPlugin
LogPluginManager: Mounting plugin MagicLeap
LogPluginManager: Mounting plugin MagicLeapEmulator
LogPluginManager: Mounting plugin MagicLeapMedia
LogPluginManager: Mounting plugin AndroidMedia
LogPluginManager: Mounting plugin AvfMedia
LogPluginManager: Mounting plugin ImgMedia
LogPluginManager: Mounting plugin LinearTimecode
LogPluginManager: Mounting plugin MediaCompositing
LogPluginManager: Mounting plugin MediaPlayerEditor
LogPluginManager: Mounting plugin WmfMedia
LogPluginManager: Mounting plugin TcpMessaging
LogPluginManager: Mounting plugin UdpMessaging
LogPluginManager: Mounting plugin ActorSequence
LogPluginManager: Mounting plugin LevelSequenceEditor
LogPluginManager: Mounting plugin MatineeToLevelSequence
LogPluginManager: Mounting plugin NetcodeUnitTest
LogPluginManager: Mounting plugin NUTUnrealEngine4
LogPluginManager: Mounting plugin OnlineSubsystemGooglePlay
LogPluginManager: Mounting plugin OnlineSubsystemIOS
LogPluginManager: Mounting plugin OnlineSubsystem
LogPluginManager: Mounting plugin OnlineSubsystemNull
LogPluginManager: Mounting plugin OnlineSubsystemUtils
LogPluginManager: Mounting plugin LauncherChunkInstaller
LogPluginManager: Mounting plugin AndroidDeviceProfileSelector
LogPluginManager: Mounting plugin AndroidMoviePlayer
LogPluginManager: Mounting plugin AndroidPermission
LogPluginManager: Mounting plugin AppleMoviePlayer
LogPluginManager: Mounting plugin ArchVisCharacter
LogPluginManager: Mounting plugin AudioCapture
LogPluginManager: Mounting plugin CableComponent
LogPluginManager: Mounting plugin CustomMeshComponent
LogPluginManager: Mounting plugin EditableMesh
LogPluginManager: Mounting plugin ExampleDeviceProfileSelector
LogPluginManager: Mounting plugin GoogleCloudMessaging
LogPluginManager: Mounting plugin ImmediatePhysics
LogPluginManager: Mounting plugin IOSDeviceProfileSelector
LogPluginManager: Mounting plugin LinuxDeviceProfileSelector
LogPluginManager: Mounting plugin LocationServicesBPLibrary
LogPluginManager: Mounting plugin MobilePatchingUtils
LogPluginManager: Mounting plugin OculusVR
LogPluginManager: Plugin shader directory ../../../Engine/Plugins/Runtime/Oculus/OculusVR/Shaders found
LogPluginManager: Mapping shader source directory ../../../Engine/Plugins/Runtime/Oculus/OculusVR/Shaders to virtual directory /Plugin/OculusVR
LogPluginManager: Mounting plugin PhysXVehicles
LogPluginManager: Mounting plugin ProceduralMeshComponent
LogPluginManager: Mounting plugin RuntimePhysXCooking
LogPluginManager: Mounting plugin SteamVR
LogPluginManager: Mounting plugin WindowsMoviePlayer
LogStreaming: Display: Took  1.129s to configure plugins.
LogWindows: Failed to load 'C:\Users\User\MagicLeap\mlsdk/lib/win64/ml_perception_client.dll' (GetLastError=126)
LogWindows: File 'C:\Users\User\MagicLeap\mlsdk/lib/win64/ml_perception_client.dll' does not exist
LogWindows: Failed to load 'C:\Users\User\MagicLeap\mlsdk/lib/win64/ml_perception_client.dll' (GetLastError=126)
LogWindows: File 'C:\Users\User\MagicLeap\mlsdk/lib/win64/ml_perception_client.dll' does not exist
LogWindows: Failed to load 'C:\Users\User\MagicLeap\mlsdk/lib/win64/ml_graphics.dll' (GetLastError=126)
LogWindows: File 'C:\Users\User\MagicLeap\mlsdk/lib/win64/ml_graphics.dll' does not exist
LogWindows: Failed to load 'C:\Users\User\MagicLeap\mlsdk/lib/win64/ml_lifecycle.dll' (GetLastError=126)
LogWindows: File 'C:\Users\User\MagicLeap\mlsdk/lib/win64/ml_lifecycle.dll' does not exist
LogWindows: Failed to load 'C:\Users\User\MagicLeap\mlsdk/lib/win64/ml_input.dll' (GetLastError=126)
LogWindows: File 'C:\Users\User\MagicLeap\mlsdk/lib/win64/ml_input.dll' does not exist
LogWindows: Failed to load 'C:\Users\User\MagicLeap\mlsdk/lib/win64/ml_secure_storage.dll' (GetLastError=126)
LogWindows: File 'C:\Users\User\MagicLeap\mlsdk/lib/win64/ml_secure_storage.dll' does not exist
LogWindows: Failed to load 'C:\Users\User\MagicLeap\mlsdk/lib/win64/ml_identity.dll' (GetLastError=126)
LogWindows: File 'C:\Users\User\MagicLeap\mlsdk/lib/win64/ml_identity.dll' does not exist
LogWindows: Failed to load 'C:\Users\User\MagicLeap\mlsdk/lib/win64/ml_privileges.dll' (GetLastError=126)
LogWindows: File 'C:\Users\User\MagicLeap\mlsdk/lib/win64/ml_privileges.dll' does not exist
LogInit: Using libcurl 7.55.1-DEV
LogInit:  - built for x86_64-pc-win32
LogInit:  - supports SSL with OpenSSL/1.0.2h
LogInit:  - supports HTTP deflate (compression) using libz 1.2.8
LogInit:  - other features:
LogInit:      CURL_VERSION_SSL
LogInit:      CURL_VERSION_LIBZ
LogInit:      CURL_VERSION_IPV6
LogInit:      CURL_VERSION_ASYNCHDNS
LogInit:      CURL_VERSION_LARGEFILE
LogInit:      CURL_VERSION_IDN
LogInit:  CurlRequestOptions (configurable via config and command line):
LogInit:  - bVerifyPeer = false  - Libcurl will NOT verify peer certificate
LogInit:  - bUseHttpProxy = false  - Libcurl will NOT use HTTP proxy
LogInit:  - bDontReuseConnections = false  - Libcurl will reuse connections
LogInit:  - CertBundlePath = nullptr  - Libcurl will use whatever was configured at build time.
LogInit:  - MaxHostConnections = 16  - Libcurl will limit the number of connections to a host
LogInit:  - LocalHostAddr = Default
LogInit:  - BufferSize = 65536
LogInit: WinSock: version 1.1 (2.2), MaxSocks=32767, MaxUdp=65467
LogInit: Build: ++UE4+Release-4.20-CL-4369336
LogInit: Engine Version: 4.20.3-4369336+++UE4+Release-4.20
LogInit: Compatible Engine Version: 4.20.0-4212847+++UE4+Release-4.20
LogInit: Net CL: 4212847
LogInit: OS: Windows 10 (), CPU: Intel(R) Core(TM) i7-4510U CPU @ 2.00GHz, GPU: Intel(R) HD Graphics Family
LogInit: Compiled (64-bit): Sep 17 2018 12:26:19
LogInit: Compiled with Visual C++: 19.13.26129.00
LogInit: Build Configuration: Development
LogInit: Branch Name: ++UE4+Release-4.20
LogInit: Command Line: -EpicPortal  -epicusername="AkiKagaro" -epicuserid=4d9e478e173e4a419d1853b91db8384a -epiclocale=en-US
LogInit: Base Directory: C:/Program Files/Epic Games/UE_4.20/Engine/Binaries/Win64/
LogInit: Installed Engine Build: 1
LogDevObjectVersion: Number of dev versions registered: 20
LogDevObjectVersion:   Dev-Blueprints (B0D832E4-1F89-4F0D-ACCF-7EB736FD4AA2): 10
LogDevObjectVersion:   Dev-Build (E1C64328-A22C-4D53-A36C-8E866417BD8C): 0
LogDevObjectVersion:   Dev-Core (375EC13C-06E4-48FB-B500-84F0262A717E): 2
LogDevObjectVersion:   Dev-Editor (E4B068ED-F494-42E9-A231-DA0B2E46BB41): 24
LogDevObjectVersion:   Dev-Framework (CFFC743F-43B0-4480-9391-14DF171D2073): 34
LogDevObjectVersion:   Dev-Mobile (B02B49B5-BB20-44E9-A304-32B752E40360): 2
LogDevObjectVersion:   Dev-Networking (A4E4105C-59A1-49B5-A7C5-40C4547EDFEE): 0
LogDevObjectVersion:   Dev-Online (39C831C9-5AE6-47DC-9A44-9C173E1C8E7C): 0
LogDevObjectVersion:   Dev-Physics (78F01B33-EBEA-4F98-B9B4-84EACCB95AA2): 0
LogDevObjectVersion:   Dev-Platform (6631380F-2D4D-43E0-8009-CF276956A95A): 0
LogDevObjectVersion:   Dev-Rendering (12F88B9F-8875-4AFC-A67C-D90C383ABD29): 26
LogDevObjectVersion:   Dev-Sequencer (7B5AE74C-D270-4C10-A958-57980B212A5A): 9
LogDevObjectVersion:   Dev-VR (D7296918-1DD6-4BDD-9DE2-64A83CC13884): 2
LogDevObjectVersion:   Dev-LoadTimes (C2A15278-BFE7-4AFE-6C17-90FF531DF755): 1
LogDevObjectVersion:   Private-Geometry (6EACA3D4-40EC-4CC1-B786-8BED09428FC5): 3
LogDevObjectVersion:   Dev-AnimPhys (29E575DD-E0A3-4627-9D10-D276232CDCEA): 17
LogDevObjectVersion:   Dev-ReflectionCapture (6B266CEC-1EC7-4B8F-A30B-E4D90942FC07): 1
LogDevObjectVersion:   Dev-Automation (0DF73D61-A23F-47EA-B727-89E90C41499A): 1
LogDevObjectVersion:   FortniteMain (601D1886-AC64-4F84-AA16-D3DE0DEAC7D6): 12
LogDevObjectVersion:   Dev-Enterprise (9DFFBCD6-494F-0158-E221-12823C92A888): 1
LogStreaming: Display: Took  0.027s to delete old logs.
LogInit: Presizing for max 8388607 objects, including 0 objects not considered by GC, pre-allocating 0 bytes for permanent pool.
LogInit: Object subsystem initialized
[2019.01.07-12.33.32:148][  0]LogInit: Selected Device Profile: [Windows]
[2019.01.07-12.33.32:148][  0]LogInit: Applying CVar settings loaded from the selected device profile: [Windows]
[2019.01.07-12.33.32:257][  0]LogHAL: Display: Platform has ~ 8 GB [8481255424 / 8589934592 / 8], which maps to Default [LargestMinGB=32, LargerMinGB=12, DefaultMinGB=8, SmallerMinGB=6, SmallestMinGB=0)
[2019.01.07-12.33.32:257][  0]LogInit: Setting Device Profile CVar: [[r.Vulkan.UseRealUBs:1]]
[2019.01.07-12.33.32:257][  0]LogInit: Going up to parent DeviceProfile []
[2019.01.07-12.33.32:258][  0]LogInit: Computer: DESKTOP-TRS5PGJ
[2019.01.07-12.33.32:258][  0]LogInit: User: User
[2019.01.07-12.33.32:258][  0]LogInit: CPU Page size=4096, Cores=2
[2019.01.07-12.33.32:258][  0]LogInit: High frequency timer resolution =2.533192 MHz
[2019.01.07-12.33.32:259][  0]LogMemory: Memory total: Physical=7.9GB (8GB approx)
[2019.01.07-12.33.32:259][  0]LogMemory: Platform Memory Stats for Windows
[2019.01.07-12.33.32:259][  0]LogMemory: Process Physical Memory: 100.55 MB used, 100.55 MB peak
[2019.01.07-12.33.32:259][  0]LogMemory: Process Virtual Memory: 84.31 MB used, 84.31 MB peak
[2019.01.07-12.33.32:259][  0]LogMemory: Physical Memory: 4641.98 MB used,  3446.38 MB free, 8088.36 MB total
[2019.01.07-12.33.32:260][  0]LogMemory: Virtual Memory: 4621.48 MB used,  3446.38 MB free, 134217728.00 MB total
[2019.01.07-12.33.32:326][  0]LogInit: Using OS detected language (en-US).
[2019.01.07-12.33.32:326][  0]LogInit: Using OS detected locale (ru-RU).
[2019.01.07-12.33.32:330][  0]LogTextLocalizationManager: No specific localization for 'en-US' exists, so the 'en' localization will be used.
[2019.01.07-12.33.33:038][  0]LogStreaming: Display: Took  0.712s to InitEngineTextLocalization.
[2019.01.07-12.33.33:038][  0]LogInit: Setting process to per monitor DPI aware
[2019.01.07-12.33.33:122][  0]LogSlate: New Slate User Created.  User Index 0, Is Virtual User: 0
[2019.01.07-12.33.33:122][  0]LogSlate: Slate User Registered.  User Index 0, Is Virtual User: 0
[2019.01.07-12.33.33:566][  0]LogHMD: Failed to initialize OpenVR with code 110
[2019.01.07-12.33.33:566][  0]LogD3D11RHI: D3D11 adapters:
[2019.01.07-12.33.33:639][  0]LogD3D11RHI:    0. 'NVIDIA GeForce 840M' (Feature Level 11_0)
[2019.01.07-12.33.33:639][  0]LogD3D11RHI:       4065/0/4044 MB DedicatedVideo/DedicatedSystem/SharedSystem, Outputs:1, VendorId:0x10de
[2019.01.07-12.33.33:650][  0]LogD3D11RHI:    1. 'Intel(R) HD Graphics Family' (Feature Level 11_0)
[2019.01.07-12.33.33:650][  0]LogD3D11RHI:       112/0/2048 MB DedicatedVideo/DedicatedSystem/SharedSystem, Outputs:0, VendorId:0x8086
[2019.01.07-12.33.33:655][  0]LogD3D11RHI:    2. 'Microsoft Basic Render Driver' (Feature Level 11_0)
[2019.01.07-12.33.33:655][  0]LogD3D11RHI:       0/0/4044 MB DedicatedVideo/DedicatedSystem/SharedSystem, Outputs:0, VendorId:0x1414
[2019.01.07-12.33.33:655][  0]LogD3D11RHI: Chosen D3D11 Adapter: 0
[2019.01.07-12.33.33:696][  0]LogD3D11RHI: Creating new Direct3DDevice
[2019.01.07-12.33.33:696][  0]LogD3D11RHI:     GPU DeviceId: 0x1341 (for the marketing name, search the web for "GPU Device Id")
[2019.01.07-12.33.33:696][  0]LogWindows: EnumDisplayDevices:
[2019.01.07-12.33.33:697][  0]LogWindows:    0. 'Intel(R) HD Graphics Family' (P:1 D:1)
[2019.01.07-12.33.33:698][  0]LogWindows:    1. 'Intel(R) HD Graphics Family' (P:0 D:0)
[2019.01.07-12.33.33:699][  0]LogWindows:    2. 'Intel(R) HD Graphics Family' (P:0 D:0)
[2019.01.07-12.33.33:699][  0]LogWindows: DebugString: PrimaryIsNotTheChoosenAdapter PrimaryIsNotTheChoosenAdapter PrimaryIsNotTheChoosenAdapter FoundDriverCount:0 
[2019.01.07-12.33.33:699][  0]LogD3D11RHI:     Adapter Name: NVIDIA GeForce 840M
[2019.01.07-12.33.33:699][  0]LogD3D11RHI:   Driver Version: Unknown (internal:Unknown, unified:Unknown)
[2019.01.07-12.33.33:699][  0]LogD3D11RHI:      Driver Date: Unknown
[2019.01.07-12.33.33:699][  0]LogRHI: Texture pool is 2846 MB (70% of 4065 MB)
[2019.01.07-12.33.33:742][  0]LogD3D11RHI: Async texture creation enabled
[2019.01.07-12.33.33:758][  0]LogD3D11RHI: GPU Timing Frequency: 1000.000000 (Debug: 2 1)
[2019.01.07-12.33.33:761][  0]LogShaderCompilers: Guid format shader working directory is -17 characters bigger than the processId version (../../../../../../Users/User/Documents/Unreal Projects/AgarIO/Intermediate/Shaders/WorkingDirectory/11868/).
[2019.01.07-12.33.33:761][  0]LogShaderCompilers: Cleaned the shader compiler working directory 'C:/Users/User/AppData/Local/Temp/UnrealShaderWorkingDir/14824DA34C713822C64A629BA40062A0/'.
[2019.01.07-12.33.34:288][  0]LogTemp: Display: Loaded TP AllDesktopTargetPlatform
[2019.01.07-12.33.34:313][  0]LogTemp: Display: Loaded TP MacClientTargetPlatform
[2019.01.07-12.33.34:341][  0]LogTemp: Display: Loaded TP MacNoEditorTargetPlatform
[2019.01.07-12.33.34:367][  0]LogTemp: Display: Loaded TP MacServerTargetPlatform
[2019.01.07-12.33.34:397][  0]LogTemp: Display: Loaded TP MacTargetPlatform
[2019.01.07-12.33.34:424][  0]LogTemp: Display: Loaded TP WindowsClientTargetPlatform
[2019.01.07-12.33.34:452][  0]LogTemp: Display: Loaded TP WindowsNoEditorTargetPlatform
[2019.01.07-12.33.34:478][  0]LogTemp: Display: Loaded TP WindowsServerTargetPlatform
[2019.01.07-12.33.34:495][  0]LogTemp: Display: Loaded TP WindowsTargetPlatform
[2019.01.07-12.33.34:620][  0]LogTemp: Display: Loaded TP AndroidTargetPlatform
[2019.01.07-12.33.34:620][  0]LogTemp: Display: Loaded TP AndroidTargetPlatform
[2019.01.07-12.33.34:620][  0]LogTemp: Display: Loaded TP AndroidTargetPlatform
[2019.01.07-12.33.34:620][  0]LogTemp: Display: Loaded TP AndroidTargetPlatform
[2019.01.07-12.33.34:620][  0]LogTemp: Display: Loaded TP AndroidTargetPlatform
[2019.01.07-12.33.34:620][  0]LogTemp: Display: Loaded TP AndroidTargetPlatform
[2019.01.07-12.33.34:620][  0]LogTemp: Display: Loaded TP AndroidTargetPlatform
[2019.01.07-12.33.34:620][  0]LogTemp: Display: Loaded TP AndroidTargetPlatform
[2019.01.07-12.33.34:620][  0]LogTemp: Display: Loaded TP AndroidTargetPlatform
[2019.01.07-12.33.34:620][  0]LogTemp: Display: Loaded TP AndroidTargetPlatform
[2019.01.07-12.33.34:620][  0]LogTemp: Display: Loaded TP AndroidTargetPlatform
[2019.01.07-12.33.34:620][  0]LogTemp: Display: Loaded TP AndroidTargetPlatform
[2019.01.07-12.33.34:620][  0]LogTemp: Display: Loaded TP AndroidTargetPlatform
[2019.01.07-12.33.34:620][  0]LogTemp: Display: Loaded TP AndroidTargetPlatform
[2019.01.07-12.33.34:620][  0]LogTemp: Display: Loaded TP AndroidTargetPlatform
[2019.01.07-12.33.34:620][  0]LogTemp: Display: Loaded TP AndroidTargetPlatform
[2019.01.07-12.33.34:620][  0]LogTemp: Display: Loaded TP AndroidTargetPlatform
[2019.01.07-12.33.34:620][  0]LogTemp: Display: Loaded TP AndroidTargetPlatform
[2019.01.07-12.33.34:623][  0]LogTemp: Display: Loaded TP HTML5TargetPlatform
[2019.01.07-12.33.34:701][  0]LogTemp: Display: Loaded TP IOSTargetPlatform
[2019.01.07-12.33.34:701][  0]LogTemp: Display: Loaded TP IOSTargetPlatform
[2019.01.07-12.33.34:738][  0]LogTemp: Display: Loaded TP TVOSTargetPlatform
[2019.01.07-12.33.34:738][  0]LogTemp: Display: Loaded TP TVOSTargetPlatform
[2019.01.07-12.33.34:758][  0]LogTemp: Display: Loaded TP LinuxClientTargetPlatform
[2019.01.07-12.33.34:776][  0]LogTemp: Display: Loaded TP LinuxNoEditorTargetPlatform
[2019.01.07-12.33.34:794][  0]LogTemp: Display: Loaded TP LinuxServerTargetPlatform
[2019.01.07-12.33.34:813][  0]LogTemp: Display: Loaded TP LinuxTargetPlatform
[2019.01.07-12.33.34:827][  0]LogTemp: Display: Loaded TP LuminTargetPlatform
[2019.01.07-12.33.34:827][  0]LogTargetPlatformManager: Display: Building Assets For Windows
[2019.01.07-12.33.35:008][  0]LogXGEController: Cannot use XGE Controller as Incredibuild is not installed on this machine.
[2019.01.07-12.33.35:008][  0]LogShaderCompilers: Cannot use XGE Shader Compiler as Incredibuild is not installed on this machine.
[2019.01.07-12.33.35:008][  0]LogShaderCompilers: Display: Using Local Shader Compiler.
[2019.01.07-12.33.36:164][  0]LogDerivedDataCache: Display: Max Cache Size: 512 MB
[2019.01.07-12.33.36:281][  0]LogDerivedDataCache: Loaded boot cache 0.12s 71MB C:/Users/User/AppData/Local/UnrealEngine/4.20/DerivedDataCache/Boot.ddc.
[2019.01.07-12.33.36:282][  0]LogDerivedDataCache: Display: Loaded Boot cache: C:/Users/User/AppData/Local/UnrealEngine/4.20/DerivedDataCache/Boot.ddc
[2019.01.07-12.33.36:282][  0]LogDerivedDataCache: FDerivedDataBackendGraph:  Pak pak cache file ../../../../../../Users/User/Documents/Unreal Projects/AgarIO/DerivedDataCache/DDC.ddp not found, will not use a pak cache.
[2019.01.07-12.33.36:282][  0]LogDerivedDataCache: Unable to find inner node Pak for hierarchical cache Hierarchy.
[2019.01.07-12.33.36:282][  0]LogDerivedDataCache: FDerivedDataBackendGraph:  CompressedPak pak cache file ../../../../../../Users/User/Documents/Unreal Projects/AgarIO/DerivedDataCache/Compressed.ddp not found, will not use a pak cache.
[2019.01.07-12.33.36:282][  0]LogDerivedDataCache: Unable to find inner node CompressedPak for hierarchical cache Hierarchy.
[2019.01.07-12.33.36:298][  0]LogDerivedDataCache: Display: Pak cache opened for reading ../../../Engine/DerivedDataCache/Compressed.ddp.
[2019.01.07-12.33.36:312][  0]LogDerivedDataCache: Using Local data cache path C:/Users/User/AppData/Local/UnrealEngine/Common/DerivedDataCache: Writable
[2019.01.07-12.33.36:312][  0]LogDerivedDataCache: Shared data cache path not found in *engine.ini, will not use an Shared cache.
[2019.01.07-12.33.36:312][  0]LogDerivedDataCache: Unable to find inner node Shared for hierarchical cache Hierarchy.
[2019.01.07-12.33.36:339][  0]LogMaterial: Verifying Global Shaders for PCD3D_SM5
[2019.01.07-12.33.36:340][  0]LogSlate: Using FreeType 2.6.0
[2019.01.07-12.33.36:342][  0]LogSlate: SlateFontServices - WITH_FREETYPE: 1, WITH_HARFBUZZ: 1
[2019.01.07-12.33.36:458][  0]LogAssetRegistry: FAssetRegistry took 0.0280 seconds to start up
[2019.01.07-12.33.37:042][  0]LogInit: Selected Device Profile: [Windows]
[2019.01.07-12.33.37:274][  0]LogSimplygon: Simplygon DLL not present - disabling.
[2019.01.07-12.33.37:285][  0]LogMeshReduction: Using SimplygonSwarm for distributed automatic mesh merging
[2019.01.07-12.33.37:285][  0]LogMeshReduction: Using ProxyLODMeshReduction for automatic mesh merging
[2019.01.07-12.33.37:285][  0]LogMeshReduction: Using QuadricMeshReduction for automatic static mesh reduction
[2019.01.07-12.33.37:285][  0]LogMeshReduction: No automatic skeletal mesh reduction module available
[2019.01.07-12.33.37:309][  0]LogNetVersion: AgarIO 1.0.0, NetCL: 4212847, EngineNetVer: 5, GameNetVer: 0 (Checksum: 2307233235)
[2019.01.07-12.33.38:483][  0]LogPackageLocalizationCache: Processed 11 localized package path(s) for 2 prioritized culture(s) in 0.485139 seconds
[2019.01.07-12.33.38:503][  0]LogUObjectArray: 38425 objects as part of root set at end of initial load.
[2019.01.07-12.33.38:503][  0]LogUObjectAllocator: 6690872 out of 0 bytes used by permanent object pool.
[2019.01.07-12.33.38:503][  0]LogUObjectArray: CloseDisregardForGC: 0/0 objects in disregard for GC pool
[2019.01.07-12.33.40:938][  0]LogTcpMessaging: Initializing TcpMessaging bridge
[2019.01.07-12.33.40:953][  0]LogUdpMessaging: Initializing bridge on interface 0.0.0.0:0 to multicast group 230.0.0.1:6666.
[2019.01.07-12.33.41:358][  0]SourceControl: Source control is disabled
[2019.01.07-12.33.43:775][  0]LogAndroidPermission: UAndroidPermissionCallbackProxy::GetInstance
[2019.01.07-12.33.43:874][  0]LogOcInput: OculusInput pre-init called
[2019.01.07-12.33.43:993][  0]LogEngine: Initializing Engine...
[2019.01.07-12.33.43:997][  0]LogHMD: Failed to initialize OpenVR with code 110
[2019.01.07-12.33.43:999][  0]LogStats: UGameplayTagsManager::ConstructGameplayTagTree: ImportINI prefixes -  0.000 s
[2019.01.07-12.33.43:999][  0]LogStats: UGameplayTagsManager::ConstructGameplayTagTree: Construct from data asset -  0.000 s
[2019.01.07-12.33.43:999][  0]LogStats: UGameplayTagsManager::ConstructGameplayTagTree: ImportINI -  0.000 s
[2019.01.07-12.33.43:999][  0]LogStats: UGameplayTagsManager::ConstructGameplayTagTree: GameplayTagTreeChangedEvent.Broadcast -  0.000 s
[2019.01.07-12.33.44:513][  0]LogInit: Initializing FReadOnlyCVARCache
[2019.01.07-12.33.44:557][  0]LogAIModule: Creating AISystem for world Untitled
[2019.01.07-12.33.44:572][  0]LogInit: XAudio2 using 'Динамики (Conexant SmartAudio HD)' : 2 channels at 48 kHz using 16 bits per sample (channel mask 0x3)
[2019.01.07-12.33.44:624][  0]LogInit: FAudioDevice initialized.
[2019.01.07-12.33.44:626][  0]LogNetVersion: Set ProjectVersion to 1.0.0.0. Version Checksum will be recalculated on next use.
[2019.01.07-12.33.44:957][  0]LogDerivedDataCache: Saved boot cache 0.33s 71MB C:/Users/User/AppData/Local/UnrealEngine/4.20/DerivedDataCache/Boot.ddc.
[2019.01.07-12.33.44:978][  0]LogInit: Texture streaming: Enabled
[2019.01.07-12.33.45:042][  0]LogEngineSessionManager: EngineSessionManager initialized
[2019.01.07-12.33.45:096][  0]LogInit: Transaction tracking system initialized
[2019.01.07-12.33.45:186][  0]BlueprintLog: New page: Editor Load
[2019.01.07-12.33.45:509][  0]LocalizationService: Localization service is disabled
[2019.01.07-12.33.46:297][  0]LogCook: Display: Max memory allowance for cook 16384mb min free memory 0mb
[2019.01.07-12.33.46:297][  0]LogCook: Display: Mobile HDR setting 1
[2019.01.07-12.33.46:327][  0]LogFileCache: Scanning file cache for directory 'C:/Users/User/Documents/Unreal Projects/AgarIO/Content/' took 0.10s
[2019.01.07-12.33.46:327][  0]LogGameplayTags: Display: UGameplayTagsManager::DoneAddingNativeTags. DelegateIsBound: 0
[2019.01.07-12.33.46:327][  0]LogStats: UGameplayTagsManager::ConstructGameplayTagTree: ImportINI prefixes -  0.000 s
[2019.01.07-12.33.46:328][  0]LogStats: UGameplayTagsManager::ConstructGameplayTagTree: Construct from data asset -  0.000 s
[2019.01.07-12.33.46:328][  0]LogStats: UGameplayTagsManager::ConstructGameplayTagTree: ImportINI -  0.000 s
[2019.01.07-12.33.46:328][  0]LogStats: UGameplayTagsManager::ConstructGameplayTagTree: GameplayTagTreeChangedEvent.Broadcast -  0.000 s
[2019.01.07-12.33.46:702][  0]Cmd: MAP LOAD FILE="../../../../../../Users/User/Documents/Unreal Projects/AgarIO/Content/TopDownBP/Maps/TopDownExampleMap.umap" TEMPLATE=0 SHOWPROGRESS=1 FEATURELEVEL=3
[2019.01.07-12.33.46:703][  0]LightingResults: New page: Lighting Build
[2019.01.07-12.33.46:716][  0]MapCheck: New page: Map Check
[2019.01.07-12.33.46:716][  0]LightingResults: New page: Lighting Build
[2019.01.07-12.33.49:285][  0]LogBlueprint: Error: [Compiler Food] In use pin  <Unnamed>  no longer exists on node  Grow Up . Please refresh node or break links to remove pin.
[2019.01.07-12.33.49:285][  0]LogBlueprint: Error: [Compiler Food] In use pin  Target  no longer exists on node  Grow Up . Please refresh node or break links to remove pin.
[2019.01.07-12.33.49:285][  0]LogBlueprint: Error: [Compiler Food] Could not find a function named "GrowUp" in 'Food'.
Make sure 'Food' has been compiled for  Grow Up
[2019.01.07-12.33.49:294][  0]LogBlueprint: Error: [Compiler Food] Can't connect pins  Object  and  Other Actor : This cast has an invalid target type (was the class deleted without a redirect?).
[2019.01.07-12.33.49:295][  0]LogBlueprint: Error: [Compiler Food] In use pin  As Top Down Character  no longer exists on node  Bad cast node . Please refresh node or break links to remove pin.
[2019.01.07-12.33.49:296][  0]LogBlueprint: Error: [Compiler Food] Can't connect pins  Other Actor  and  Object : This cast has an invalid target type (was the class deleted without a redirect?).
[2019.01.07-12.33.49:298][  0]LogBlueprint: Warning: [Compiler Food] [0024,37] Compile of Food failed. 6 Fatal Issue(s) 0 Warning(s) [in 32 ms] (/Game/TopDownBP/Blueprints/Food.Food)
[2019.01.07-12.33.51:560][  0]LogAIModule: Creating AISystem for world TopDownExampleMap
[2019.01.07-12.33.51:608][  0]LogEditorServer: Finished looking for orphan Actors (0.000 secs)
[2019.01.07-12.33.51:725][  0]Cmd: MAP CHECKDEP NOCLEARLOG
[2019.01.07-12.33.51:926][  0]MapCheck: Map check complete: 0 Error(s), 0 Warning(s), took 201,228ms to complete.
[2019.01.07-12.33.51:926][  0]LogFileHelpers: Loading map 'TopDownExampleMap' took 5.225
[2019.01.07-12.33.52:316][  0]LogSlate: Updating window title bar state: overlay mode, drag disabled, window buttons hidden, title bar hidden
[2019.01.07-12.33.52:335][  0]LogSlate: Updating window title bar state: overlay mode, drag disabled, window buttons hidden, title bar hidden
[2019.01.07-12.33.52:356][  0]LogSlate: Updating window title bar state: overlay mode, drag disabled, window buttons hidden, title bar hidden
[2019.01.07-12.33.52:379][  0]LogSlate: Updating window title bar state: overlay mode, drag disabled, window buttons hidden, title bar hidden
[2019.01.07-12.33.52:556][  0]LogCollectionManager: Loaded 0 collections in 0.028788 seconds
[2019.01.07-12.33.53:009][  0]LogFileCache: Scanning file cache for directory 'C:/Users/User/Documents/Unreal Projects/AgarIO/Saved/Collections/' took 0.02s
[2019.01.07-12.33.53:009][  0]LogFileCache: Scanning file cache for directory 'C:/Users/User/Documents/Unreal Projects/AgarIO/Content/Developers/User/Collections/' took 0.01s
[2019.01.07-12.33.53:009][  0]LogFileCache: Scanning file cache for directory 'C:/Users/User/Documents/Unreal Projects/AgarIO/Content/Collections/' took 0.01s
[2019.01.07-12.33.53:009][  0]LogCollectionManager: Rebuilt the GUID cache for 0 collections in 0.000000 seconds
[2019.01.07-12.33.53:076][  0]LogContentBrowser: Native class hierarchy populated in 0.0134 seconds. Added 2572 classes and 603 folders.
[2019.01.07-12.33.53:661][  0]LogContentBrowser: Native class hierarchy updated for 'WidgetCarousel' in 0.0004 seconds. Added 0 classes and 0 folders.
[2019.01.07-12.34.00:749][  0]LogContentBrowser: Native class hierarchy updated for 'AddContentDialog' in 0.0012 seconds. Added 0 classes and 0 folders.
[2019.01.07-12.34.00:927][  0]LogContentBrowser: Native class hierarchy updated for 'SceneOutliner' in 0.0010 seconds. Added 1 classes and 2 folders.
[2019.01.07-12.34.01:443][  0]LogSlate: Took 0.000860 seconds to synchronously load lazily loaded font '../../../Engine/Content/Slate/Fonts/Roboto-Regular.ttf' (155K)
[2019.01.07-12.34.01:446][  0]LogSlate: Took 0.000548 seconds to synchronously load lazily loaded font '../../../Engine/Content/Slate/Fonts/Roboto-Bold.ttf' (160K)
[2019.01.07-12.34.01:496][  0]LogSlate: Took 0.024857 seconds to synchronously load lazily loaded font '../../../Engine/Content/Editor/Slate/Fonts/FontAwesome.ttf' (139K)
[2019.01.07-12.34.01:836][  0]LogRenderer: Reallocating scene render targets to support 880x436 Format 10 NumSamples 1 (Frame:1).
[2019.01.07-12.34.02:215][  0]LogContentBrowser: Native class hierarchy updated for 'HierarchicalLODOutliner' in 0.0003 seconds. Added 0 classes and 0 folders.
[2019.01.07-12.34.02:216][  0]LogLoad: (Engine Initialization) Total time: 37.29 seconds
[2019.01.07-12.34.02:216][  0]LogLoad: (Engine Initialization) Total Blueprint compile time: 0.00 seconds
[2019.01.07-12.34.02:228][  0]Cmd: ACTOR HIDE SELECTED
[2019.01.07-12.34.02:244][  0]LogWindowsTextInputMethodSystem: Display: IME system now deactivated.
[2019.01.07-12.34.02:408][  0]LogContentStreaming: Texture pool size now 1000 MB
[2019.01.07-12.34.02:707][  0]LogSlate: Took 0.014790 seconds to synchronously load lazily loaded font '../../../Engine/Content/Slate/Fonts/Roboto-Light.ttf' (167K)
[2019.01.07-12.34.03:037][  2]LogAssetRegistry: Asset discovery search completed in 26.6008 seconds
[2019.01.07-12.34.03:039][  2]LogCollectionManager: Rebuilt the object cache for 0 collections in 0.000000 seconds (found 0 objects)
[2019.01.07-12.34.03:039][  2]LogCollectionManager: Fixed up redirectors for 0 collections in 0.000060 seconds (updated 0 objects)
[2019.01.07-12.34.03:287][ 14]LogSlate: Took 0.000367 seconds to synchronously load lazily loaded font '../../../Engine/Content/Slate/Fonts/Roboto-Light.ttf' (167K)
[2019.01.07-12.34.36:866][169]LogSlate: FSceneViewport::OnFocusLost() reason 0
[2019.01.07-12.34.44:524][358]LogAssetEditorManager: Opening Asset editor for Blueprint /Game/NetworkIO/ServerSide_Controller.ServerSide_Controller
[2019.01.07-12.34.45:783][358]LogContentBrowser: Native class hierarchy updated for 'BlueprintGraph' in 0.0010 seconds. Added 116 classes and 0 folders.
[2019.01.07-12.34.47:717][358]LogSlate: Took 0.022924 seconds to synchronously load lazily loaded font '../../../Engine/Content/Slate/Fonts/Roboto-BoldCondensed.ttf' (158K)
[2019.01.07-12.35.28:478][859]LogSlate: Took 0.052550 seconds to synchronously load lazily loaded font '../../../Engine/Content/Slate/Fonts/Roboto-Italic.ttf' (157K)
[2019.01.07-12.38.37:213][ 63]LogWindowsTextInputMethodSystem: Display: IME system now deactivated.
[2019.01.07-12.38.37:213][ 63]LogWindowsTextInputMethodSystem: Display: IME system now deactivated.
[2019.01.07-12.38.39:042][118]LogAssetEditorManager: Opening Asset editor for Blueprint /Game/NetworkIO/ClientSide_Pawn.ClientSide_Pawn
[2019.01.07-12.38.43:349][419]LogAssetEditorManager: Opening Asset editor for Blueprint /Game/NetworkIO/ClientSide_Controller.ClientSide_Controller
[2019.01.07-12.41.55:517][948]LogSlate: Window 'Delete Assets' being destroyed
[2019.01.07-12.41.55:817][948]LogActorComponent: UnregisterComponent: (/Engine/Transient.EditorFloorComp) Not registered. Aborting.
[2019.01.07-12.41.55:919][948]LogActorComponent: UnregisterComponent: (/Engine/Transient.EditorFloorComp) Not registered. Aborting.
[2019.01.07-12.41.58:974][948]SourceControl: rm 'Content/TopDownBP/Blueprints/Food.uasset'
[2019.01.07-12.42.02:486][ 80]LogTemp: Repeating last play command: New Editor Window (PIE)
[2019.01.07-12.42.02:573][ 80]LogBlueprintUserMessages: Early PlayInEditor Detection: Level '/Game/TopDownBP/Maps/TopDownExampleMap.TopDownExampleMap:PersistentLevel' has LevelScriptBlueprint '/Game/TopDownBP/Maps/TopDownExampleMap.TopDownExampleMap:PersistentLevel.TopDownExampleMap' with GeneratedClass '/Game/TopDownBP/Maps/TopDownExampleMap.TopDownExampleMap_C' with ClassGeneratedBy '/Game/TopDownBP/Maps/TopDownExampleMap.TopDownExampleMap:PersistentLevel.TopDownExampleMap'
[2019.01.07-12.42.02:573][ 80]LogPlayLevel: PlayLevel: No blueprints needed recompiling
[2019.01.07-12.42.02:587][ 80]PIE: New page: PIE session: TopDownExampleMap (7 янв. 2019 г., 18:42:02)
[2019.01.07-12.42.02:587][ 80]LogPlayLevel: Creating play world package: /Game/TopDownBP/Maps/UEDPIE_1_TopDownExampleMap
[2019.01.07-12.42.02:605][ 80]LogPlayLevel: PIE: StaticDuplicateObject took: (0.017795s)
[2019.01.07-12.42.02:607][ 80]LogAIModule: Creating AISystem for world TopDownExampleMap
[2019.01.07-12.42.02:609][ 80]LogPlayLevel: PIE: World Init took: (0.002530s)
[2019.01.07-12.42.02:609][ 80]LogPlayLevel: PIE: Created PIE world by copying editor world from /Game/TopDownBP/Maps/TopDownExampleMap.TopDownExampleMap to /Game/TopDownBP/Maps/UEDPIE_1_TopDownExampleMap.TopDownExampleMap (0.020597s)
[2019.01.07-12.42.02:673][ 80]LogLoad: Game class is 'NetworkGameMode_C'
[2019.01.07-12.42.02:679][ 80]LogWorld: Bringing World /Game/TopDownBP/Maps/UEDPIE_1_TopDownExampleMap.TopDownExampleMap up for play (max tick rate 0) at 2019.01.07-15.42.02
[2019.01.07-12.42.02:679][ 80]LogWorld: Bringing up level for play took: 0.002810
[2019.01.07-12.42.02:680][ 80]LogTemp: Display: ParseSettings for GameNetDriver
[2019.01.07-12.42.02:680][ 80]LogTemp: Display: ParseSettings for IpNetDriver_0
[2019.01.07-12.42.02:680][ 80]LogTemp: Display: ParseSettings for GameNetDriver
[2019.01.07-12.42.02:680][ 80]LogNet: ReplicationDriverClass is null! Not using ReplicationDriver.
[2019.01.07-12.42.02:680][ 80]LogInit: WinSock: Socket queue 131072 / 131072
[2019.01.07-12.42.02:681][ 80]LogInit: WinSock: I am DESKTOP-TRS5PGJ (192.168.0.5:0)
[2019.01.07-12.42.02:681][ 80]PacketHandlerLog: Loaded PacketHandler component: Engine.EngineHandlerComponentFactory (StatelessConnectHandlerComponent)
[2019.01.07-12.42.02:681][ 80]LogNet: GameNetDriver IpNetDriver_0 IpNetDriver listening on port 17777
[2019.01.07-12.42.02:682][ 80]PIE: Play in editor start time for /Game/TopDownBP/Maps/UEDPIE_1_TopDownExampleMap -0,013
[2019.01.07-12.42.02:683][ 80]PIE: New page: PIE session: TopDownExampleMap (7 янв. 2019 г., 18:42:02)
[2019.01.07-12.42.02:691][ 80]LogInit: XAudio2 using 'Динамики (Conexant SmartAudio HD)' : 2 channels at 48 kHz using 16 bits per sample (channel mask 0x3)
[2019.01.07-12.42.02:704][ 80]LogInit: FAudioDevice initialized.
[2019.01.07-12.42.02:714][ 80]LogSlate: Updating window title bar state: overlay mode, drag disabled, window buttons hidden, title bar hidden
[2019.01.07-12.42.02:814][ 80]LogNet: Browse: 127.0.0.1:17777//Game/TopDownBP/Maps/TopDownExampleMap
[2019.01.07-12.42.02:815][ 80]LogTemp: Display: ParseSettings for GameNetDriver
[2019.01.07-12.42.02:815][ 80]LogTemp: Display: ParseSettings for IpNetDriver_1
[2019.01.07-12.42.02:815][ 80]LogTemp: Display: ParseSettings for PendingNetDriver
[2019.01.07-12.42.02:815][ 80]LogInit: WinSock: Socket queue 32768 / 32768
[2019.01.07-12.42.02:815][ 80]PacketHandlerLog: Loaded PacketHandler component: Engine.EngineHandlerComponentFactory (StatelessConnectHandlerComponent)
[2019.01.07-12.42.02:816][ 80]LogNet: Game client on port 17777, rate 10000
[2019.01.07-12.42.02:820][ 80]PIE: Play in editor start time for /Game/TopDownBP/Maps/TopDownExampleMap 0,126
[2019.01.07-12.42.02:827][ 80]LogBlueprintUserMessages: Late PlayInEditor Detection: Level '/Game/TopDownBP/Maps/TopDownExampleMap.TopDownExampleMap:PersistentLevel' has LevelScriptBlueprint '/Game/TopDownBP/Maps/TopDownExampleMap.TopDownExampleMap:PersistentLevel.TopDownExampleMap' with GeneratedClass '/Game/TopDownBP/Maps/TopDownExampleMap.TopDownExampleMap_C' with ClassGeneratedBy '/Game/TopDownBP/Maps/TopDownExampleMap.TopDownExampleMap:PersistentLevel.TopDownExampleMap'
[2019.01.07-12.42.02:828][ 80]LogNet: NotifyAcceptingConnection accepted from: 127.0.0.1:49554
[2019.01.07-12.42.02:828][ 80]LogHandshake: SendConnectChallenge. Timestamp: 0.011406, Cookie: 181118243111069215161079050237026186179049252191021165243036
[2019.01.07-12.42.02:859][ 80]LogHandshake: SendChallengeResponse. Timestamp: 0.011406, Cookie: 181118243111069215161079050237026186179049252191021165243036
[2019.01.07-12.42.03:046][ 81]LogNet: NotifyAcceptingConnection accepted from: 127.0.0.1:49554
[2019.01.07-12.42.03:046][ 81]LogHandshake: SendChallengeAck. InCookie: 181118243111069215161079050237026186179049252191021165243036
[2019.01.07-12.42.03:046][ 81]LogNet: Server accepting post-challenge connection from: 127.0.0.1:49554
[2019.01.07-12.42.03:047][ 81]PacketHandlerLog: Loaded PacketHandler component: Engine.EngineHandlerComponentFactory (StatelessConnectHandlerComponent)
[2019.01.07-12.42.03:047][ 81]LogNet: NotifyAcceptedConnection: Name: TopDownExampleMap, TimeStamp: 01/07/19 15:42:03, [UNetConnection] RemoteAddr: 127.0.0.1:49554, Name: IpConnection_1, Driver: GameNetDriver IpNetDriver_0, IsServer: YES, PC: NULL, Owner: NULL, UniqueId: INVALID
[2019.01.07-12.42.03:047][ 81]LogNet: AddClientConnection: Added client connection: [UNetConnection] RemoteAddr: 127.0.0.1:49554, Name: IpConnection_1, Driver: GameNetDriver IpNetDriver_0, IsServer: YES, PC: NULL, Owner: NULL, UniqueId: INVALID
[2019.01.07-12.42.03:047][ 81]LogNetVersion: AgarIO 1.0.0.0, NetCL: 4212847, EngineNetVer: 5, GameNetVer: 0 (Checksum: 1799934769)
[2019.01.07-12.42.03:047][ 81]LogNet: UPendingNetGame::SendInitialJoin: Sending hello. [UNetConnection] RemoteAddr: 127.0.0.1:17777, Name: IpConnection_0, Driver: PendingNetDriver IpNetDriver_1, IsServer: NO, PC: NULL, Owner: NULL, UniqueId: INVALID
[2019.01.07-12.42.03:064][ 82]LogNet: NotifyAcceptingChannel Control 0 server World /Game/TopDownBP/Maps/UEDPIE_1_TopDownExampleMap.TopDownExampleMap: Accepted
[2019.01.07-12.42.03:065][ 82]LogNet: Remote platform little endian=1
[2019.01.07-12.42.03:065][ 82]LogNet: This platform little endian=1
[2019.01.07-12.42.03:086][ 83]LogNet: Login request: /Game/TopDownBP/Maps/TopDownExampleMap?Name=DESKTOP-TRS5PGJ-A4DA1D4744E966F24F385D8651B4775F userId: DESKTOP-TRS5PGJ-A4DA1D4744E966F24F385D8651B4775F
[2019.01.07-12.42.03:087][ 83]LogNet: Welcomed by server (Level: /Game/TopDownBP/Maps/UEDPIE_1_TopDownExampleMap, Game: /Game/NetworkIO/NetworkGameMode.NetworkGameMode_C)
[2019.01.07-12.42.03:089][ 83]LogLoad: LoadMap: 127.0.0.1:17777//Game/TopDownBP/Maps/UEDPIE_1_TopDownExampleMap?game=/Game/NetworkIO/NetworkGameMode.NetworkGameMode_C
[2019.01.07-12.42.03:148][ 83]LogAIModule: Creating AISystem for world TopDownExampleMap
[2019.01.07-12.42.03:148][ 83]LogTemp: Display: ParseSettings for GameNetDriver
[2019.01.07-12.42.03:150][ 83]LogWorld: Bringing World /Game/TopDownBP/Maps/UEDPIE_2_TopDownExampleMap.TopDownExampleMap up for play (max tick rate 0) at 2019.01.07-15.42.03
[2019.01.07-12.42.03:150][ 83]LogWorld: Bringing up level for play took: 0.002162
[2019.01.07-12.42.03:151][ 83]LogLoad: Took 0.062083 seconds to LoadMap(/Game/TopDownBP/Maps/UEDPIE_1_TopDownExampleMap)
[2019.01.07-12.42.03:183][ 84]LogRenderer: Reallocating scene render targets to support 1016x544 Format 10 NumSamples 1 (Frame:1).
[2019.01.07-12.42.03:215][ 84]LogNet: Client netspeed is 10000
[2019.01.07-12.42.03:215][ 84]LogNet: Join request: /Game/TopDownBP/Maps/TopDownExampleMap?Name=DESKTOP-TRS5PGJ-A4DA1D4744E966F24F385D8651B4775F?SplitscreenCount=1
[2019.01.07-12.42.03:216][ 84]LogOnline: Warning: OSS: No game present to join for session (GameSession)
[2019.01.07-12.42.03:237][ 84]LogSpawn: Warning: SpawnActor failed because of collision at the spawn location [X=-970.002 Y=460.000 Z=262.002] for [ClientSide_Pawn_C]
[2019.01.07-12.42.03:237][ 84]LogGameMode: Warning: SpawnDefaultPawnAtTransform: Couldn't spawn Pawn of type ClientSide_Pawn_C at Rotation: Pitch 0.000000 Yaw 0.000000 Roll 0.000000
Translation: -970.002441 460.000000 262.001526
Scale3D: 1.000000 1.000000 1.000000

[2019.01.07-12.42.03:254][ 84]LogNet: Join succeeded: DESKTOP-TRS5PGJ-A4DA
[2019.01.07-12.42.03:325][ 85]LogBlueprintUserMessages: [ClientSide_Controller_C_0] Server: Can't find pawn
[2019.01.07-12.42.03:326][ 85]LogOnline: Warning: OSS: No game present to join for session (GameSession)
[2019.01.07-12.42.03:441][ 92]LogBlueprintUserMessages: [ClientSide_Controller_C_0] Server: Can't find pawn
[2019.01.07-12.42.06:129][254]LogSlate: Window 'AgarIO Game Preview Client 1 (64-bit/PCD3D_SM5)' being destroyed
[2019.01.07-12.42.06:134][254]LogBlueprintUserMessages: Early EndPlayMap Detection: Level '/Game/TopDownBP/Maps/TopDownExampleMap.TopDownExampleMap:PersistentLevel' has LevelScriptBlueprint '/Game/TopDownBP/Maps/TopDownExampleMap.TopDownExampleMap:PersistentLevel.TopDownExampleMap' with GeneratedClass '/Game/TopDownBP/Maps/TopDownExampleMap.TopDownExampleMap_C' with ClassGeneratedBy '/Game/TopDownBP/Maps/TopDownExampleMap.TopDownExampleMap:PersistentLevel.TopDownExampleMap'
[2019.01.07-12.42.06:179][254]LogPlayLevel: Display: Shutting down PIE online subsystems
[2019.01.07-12.42.06:179][254]LogBlueprintUserMessages: Late EndPlayMap Detection: Level '/Game/TopDownBP/Maps/TopDownExampleMap.TopDownExampleMap:PersistentLevel' has LevelScriptBlueprint '/Game/TopDownBP/Maps/TopDownExampleMap.TopDownExampleMap:PersistentLevel.TopDownExampleMap' with GeneratedClass '/Game/TopDownBP/Maps/TopDownExampleMap.TopDownExampleMap_C' with ClassGeneratedBy '/Game/TopDownBP/Maps/TopDownExampleMap.TopDownExampleMap:PersistentLevel.TopDownExampleMap'
[2019.01.07-12.42.06:227][254]LogNet: UChannel::CleanUp: ChIndex == 0. Closing connection. [UChannel] ChIndex: 0, Closing: 0 [UNetConnection] RemoteAddr: 127.0.0.1:49554, Name: IpConnection_1, Driver: GameNetDriver IpNetDriver_0, IsServer: YES, PC: None, Owner: None, UniqueId: NULL:DESKTOP-TRS5PGJ-A4DA1D4744E966F24F385D8651B4775F
[2019.01.07-12.42.06:227][254]LogNet: UNetConnection::Close: [UNetConnection] RemoteAddr: 127.0.0.1:49554, Name: IpConnection_1, Driver: GameNetDriver IpNetDriver_0, IsServer: YES, PC: None, Owner: None, UniqueId: NULL:DESKTOP-TRS5PGJ-A4DA1D4744E966F24F385D8651B4775F, Channels: 2, Time: 2019.01.07-12.42.06
[2019.01.07-12.42.06:227][254]LogNet: UChannel::Close: Sending CloseBunch. ChIndex == 0. Name: [UChannel] ChIndex: 0, Closing: 0 [UNetConnection] RemoteAddr: 127.0.0.1:49554, Name: IpConnection_1, Driver: GameNetDriver IpNetDriver_0, IsServer: YES, PC: None, Owner: None, UniqueId: NULL:DESKTOP-TRS5PGJ-A4DA1D4744E966F24F385D8651B4775F
[2019.01.07-12.42.06:228][254]LogNet: UChannel::CleanUp: ChIndex == 0. Closing connection. [UChannel] ChIndex: 0, Closing: 0 [UNetConnection] RemoteAddr: 127.0.0.1:17777, Name: IpConnection_0, Driver: GameNetDriver IpNetDriver_1, IsServer: NO, PC: None, Owner: None, UniqueId: NULL:DESKTOP-TRS5PGJ-A4DA1D4744E966F24F385D8651B4775F
[2019.01.07-12.42.06:228][254]LogNet: UNetConnection::Close: [UNetConnection] RemoteAddr: 127.0.0.1:17777, Name: IpConnection_0, Driver: GameNetDriver IpNetDriver_1, IsServer: NO, PC: None, Owner: None, UniqueId: NULL:DESKTOP-TRS5PGJ-A4DA1D4744E966F24F385D8651B4775F, Channels: 2, Time: 2019.01.07-12.42.06
[2019.01.07-12.42.06:228][254]LogNet: UChannel::Close: Sending CloseBunch. ChIndex == 0. Name: [UChannel] ChIndex: 0, Closing: 0 [UNetConnection] RemoteAddr: 127.0.0.1:17777, Name: IpConnection_0, Driver: GameNetDriver IpNetDriver_1, IsServer: NO, PC: None, Owner: None, UniqueId: NULL:DESKTOP-TRS5PGJ-A4DA1D4744E966F24F385D8651B4775F
[2019.01.07-12.42.06:232][254]LogExit: GameNetDriver None shut down
[2019.01.07-12.42.06:232][254]LogExit: GameNetDriver None shut down
[2019.01.07-12.42.06:298][255]LogPlayLevel: Display: Destroying online subsystem :Context_8
[2019.01.07-12.42.06:298][255]LogPlayLevel: Display: Destroying online subsystem :Context_7
[2019.01.07-12.42.10:611][366]LogAssetEditorManager: Opening Asset editor for Blueprint /Game/NetworkIO/NetworkGameMode.NetworkGameMode
[2019.01.07-12.44.08:311][ 17]LogSavePackage: Moving '../../../../../../Users/User/Documents/Unreal Projects/AgarIO/Saved/TopDownExampleMap_Auto1AED8435F40398A373FFCD4AF945C7E06.tmp' to '../../../../../../Users/User/Documents/Unreal Projects/AgarIO/Saved/Autosaves/Game/TopDownBP/Maps/TopDownExampleMap_Auto1.umap'
[2019.01.07-12.44.08:395][ 17]LogFileHelpers: Editor autosave (incl. sublevels) for '/Game/TopDownBP/Maps/TopDownExampleMap' took 1.811
[2019.01.07-12.44.08:395][ 17]LogFileHelpers: Editor autosave (incl. sublevels) for all levels took 1.811
[2019.01.07-12.56.59:919][311]LogSlate: Window 'Save Content' being destroyed
[2019.01.07-12.57.00:682][311]LogSlate: Window 'AgarIO - Unreal Editor' being destroyed
[2019.01.07-12.57.01:551][312]Cmd: QUIT_EDITOR
[2019.01.07-12.57.02:189][312]LogWindowsTextInputMethodSystem: Display: IME system now deactivated.
[2019.01.07-12.57.02:216][312]LogExit: Preparing to exit.
[2019.01.07-12.57.03:135][312]LogExit: Editor shut down
[2019.01.07-12.57.03:135][312]LogExit: Transaction tracking system shut down
[2019.01.07-12.57.04:212][312]LogExit: Object subsystem successfully closed.
[2019.01.07-12.57.04:235][312]LogShaderCompilers: Display: Shaders left to compile 0
[2019.01.07-12.57.04:243][312]LogD3D11RHI: Shutdown
[2019.01.07-12.57.04:243][312]LogD3D11RHI: CleanupD3DDevice
[2019.01.07-12.57.04:288][312]LogD3D11RHI: ~FD3D11DynamicRHI
[2019.01.07-12.57.04:433][312]LogModuleManager: Shutting down and abandoning module Voice (616)
[2019.01.07-12.57.04:449][312]LogModuleManager: Shutting down and abandoning module BlueprintGraph (612)
[2019.01.07-12.57.04:450][312]LogModuleManager: Shutting down and abandoning module HierarchicalLODOutliner (610)
[2019.01.07-12.57.04:450][312]LogModuleManager: Shutting down and abandoning module SceneOutliner (608)
[2019.01.07-12.57.04:450][312]LogModuleManager: Shutting down and abandoning module AddContentDialog (606)
[2019.01.07-12.57.04:518][312]LogModuleManager: Shutting down and abandoning module WidgetCarousel (605)
[2019.01.07-12.57.04:518][312]LogModuleManager: Shutting down and abandoning module EditorWidgets (602)
[2019.01.07-12.57.04:518][312]LogModuleManager: Shutting down and abandoning module CollectionManager (600)
[2019.01.07-12.57.04:518][312]LogModuleManager: Shutting down and abandoning module StatsViewer (598)
[2019.01.07-12.57.04:518][312]LogModuleManager: Shutting down and abandoning module FoliageEdit (596)
[2019.01.07-12.57.04:518][312]LogModuleManager: Shutting down and abandoning module LandscapeEditor (594)
[2019.01.07-12.57.04:519][312]LogModuleManager: Shutting down and abandoning module MeshPaintMode (592)
[2019.01.07-12.57.04:519][312]LogModuleManager: Shutting down and abandoning module SceneDepthPickerMode (590)
[2019.01.07-12.57.04:519][312]LogModuleManager: Shutting down and abandoning module ActorPickerMode (588)
[2019.01.07-12.57.04:519][312]LogModuleManager: Shutting down and abandoning module GeometryMode (586)
[2019.01.07-12.57.04:519][312]LogModuleManager: Shutting down and abandoning module TextureAlignMode (584)
[2019.01.07-12.57.04:519][312]LogModuleManager: Shutting down and abandoning module BspMode (582)
[2019.01.07-12.57.04:519][312]LogModuleManager: Shutting down and abandoning module PIEPreviewDeviceProfileSelector (580)
[2019.01.07-12.57.04:519][312]LogModuleManager: Shutting down and abandoning module SequenceRecorderSections (578)
[2019.01.07-12.57.04:519][312]LogModuleManager: Shutting down and abandoning module AutomationWorker (576)
[2019.01.07-12.57.04:519][312]LogModuleManager: Shutting down and abandoning module AudioCaptureEditor (574)
[2019.01.07-12.57.04:519][312]LogModuleManager: Shutting down and abandoning module SequenceRecorder (573)
[2019.01.07-12.57.04:519][312]LogModuleManager: Shutting down and abandoning module MatineeToLevelSequence (570)
[2019.01.07-12.57.04:519][312]LogModuleManager: Shutting down and abandoning module LevelSequenceEditor (568)
[2019.01.07-12.57.04:519][312]LogModuleManager: Shutting down and abandoning module PlacementMode (567)
[2019.01.07-12.57.04:520][312]LogModuleManager: Shutting down and abandoning module MaterialEditor (566)
[2019.01.07-12.57.04:520][312]LogModuleManager: Shutting down and abandoning module WmfMediaFactory (562)
[2019.01.07-12.57.04:520][312]LogModuleManager: Shutting down and abandoning module WmfMediaEditor (560)
[2019.01.07-12.57.04:520][312]LogModuleManager: Shutting down and abandoning module MediaPlayerEditor (558)
[2019.01.07-12.57.04:520][312]LogModuleManager: Shutting down and abandoning module OpenExrWrapper (556)
[2019.01.07-12.57.04:520][312]LogModuleManager: Shutting down and abandoning module ImgMediaFactory (554)
[2019.01.07-12.57.04:520][312]LogModuleManager: Shutting down and abandoning module ImgMediaEditor (552)
[2019.01.07-12.57.04:520][312]LogModuleManager: Shutting down and abandoning module AvfMediaFactory (550)
[2019.01.07-12.57.04:520][312]LogModuleManager: Shutting down and abandoning module AvfMediaEditor (548)
[2019.01.07-12.57.04:520][312]LogModuleManager: Shutting down and abandoning module AndroidMediaFactory (546)
[2019.01.07-12.57.04:520][312]LogModuleManager: Shutting down and abandoning module AndroidMediaEditor (544)
[2019.01.07-12.57.04:520][312]LogModuleManager: Shutting down and abandoning module MagicLeapCameraPreviewFactory (542)
[2019.01.07-12.57.04:520][312]LogModuleManager: Shutting down and abandoning module MagicLeapMediaFactory (540)
[2019.01.07-12.57.04:520][312]LogModuleManager: Shutting down and abandoning module MagicLeapMediaEditor (538)
[2019.01.07-12.57.04:520][312]LogModuleManager: Shutting down and abandoning module CharacterAI (536)
[2019.01.07-12.57.04:520][312]LogModuleManager: Shutting down and abandoning module SmartSnapping (534)
[2019.01.07-12.57.04:520][312]LogModuleManager: Shutting down and abandoning module SessionServices (532)
[2019.01.07-12.57.04:520][312]LogModuleManager: Shutting down and abandoning module ViewportSnapping (530)
[2019.01.07-12.57.04:520][312]LogModuleManager: Shutting down and abandoning module ViewportInteraction (528)
[2019.01.07-12.57.04:520][312]LogModuleManager: Shutting down and abandoning module ClothPainter (526)
[2019.01.07-12.57.04:520][312]LogModuleManager: Shutting down and abandoning module SkeletalMeshEditor (525)
[2019.01.07-12.57.04:520][312]LogModuleManager: Shutting down and abandoning module LogVisualizer (522)
[2019.01.07-12.57.04:521][312]LogModuleManager: Shutting down and abandoning module IntroTutorials (520)
[2019.01.07-12.57.04:521][312]LogModuleManager: Shutting down and abandoning module GameProjectGeneration (519)
[2019.01.07-12.57.04:521][312]LogModuleManager: Shutting down and abandoning module LuminPlatformEditor (516)
[2019.01.07-12.57.04:521][312]LogModuleManager: Shutting down and abandoning module IOSPlatformEditor (514)
[2019.01.07-12.57.04:521][312]LogModuleManager: Shutting down and abandoning module HTML5PlatformEditor (512)
[2019.01.07-12.57.04:521][312]LogModuleManager: Shutting down and abandoning module AndroidPlatformEditor (510)
[2019.01.07-12.57.04:521][312]LogModuleManager: Shutting down and abandoning module AndroidDeviceDetection (509)
[2019.01.07-12.57.05:412][312]LogModuleManager: Shutting down and abandoning module WindowsPlatformEditor (506)
[2019.01.07-12.57.05:412][312]LogModuleManager: Shutting down and abandoning module LuminRuntimeSettings (504)
[2019.01.07-12.57.05:412][312]LogModuleManager: Shutting down and abandoning module IOSRuntimeSettings (502)
[2019.01.07-12.57.05:412][312]LogModuleManager: Shutting down and abandoning module AndroidRuntimeSettings (500)
[2019.01.07-12.57.05:412][312]LogModuleManager: Shutting down and abandoning module InputBindingEditor (498)
[2019.01.07-12.57.05:412][312]LogModuleManager: Shutting down and abandoning module MergeActors (496)
[2019.01.07-12.57.05:412][312]LogModuleManager: Shutting down and abandoning module LocalizationDashboard (494)
[2019.01.07-12.57.05:412][312]LogModuleManager: Shutting down and abandoning module LocalizationService (493)
[2019.01.07-12.57.05:412][312]LogModuleManager: Shutting down and abandoning module HardwareTargeting (490)
[2019.01.07-12.57.05:413][312]LogModuleManager: Shutting down and abandoning module DeviceProfileEditor (488)
[2019.01.07-12.57.05:413][312]LogModuleManager: Shutting down and abandoning module UndoHistory (486)
[2019.01.07-12.57.05:413][312]LogModuleManager: Shutting down and abandoning module XmlParser (484)
[2019.01.07-12.57.05:413][312]LogModuleManager: Shutting down and abandoning module Blutility (482)
[2019.01.07-12.57.05:413][312]LogModuleManager: Shutting down and abandoning module ProjectSettingsViewer (480)
[2019.01.07-12.57.05:413][312]LogModuleManager: Shutting down and abandoning module ProjectTargetPlatformEditor (479)
[2019.01.07-12.57.05:413][312]LogModuleManager: Shutting down and abandoning module EditorSettingsViewer (476)
[2019.01.07-12.57.05:413][312]LogModuleManager: Shutting down and abandoning module SettingsEditor (474)
[2019.01.07-12.57.05:413][312]LogModuleManager: Shutting down and abandoning module ProjectLauncher (472)
[2019.01.07-12.57.05:413][312]LogModuleManager: Shutting down and abandoning module SessionFrontend (470)
[2019.01.07-12.57.05:413][312]LogModuleManager: Shutting down and abandoning module ProfilerClient (468)
[2019.01.07-12.57.05:413][312]LogModuleManager: Shutting down and abandoning module DeviceManager (466)
[2019.01.07-12.57.05:413][312]LogModuleManager: Shutting down and abandoning module TargetDeviceServices (465)
[2019.01.07-12.57.05:469][312]LogModuleManager: Shutting down and abandoning module AutomationController (462)
[2019.01.07-12.57.05:470][312]LogModuleManager: Shutting down and abandoning module AutomationWindow (460)
[2019.01.07-12.57.05:470][312]LogModuleManager: Shutting down and abandoning module Layers (458)
[2019.01.07-12.57.05:470][312]LogModuleManager: Shutting down and abandoning module ComponentVisualizers (456)
[2019.01.07-12.57.05:470][312]LogModuleManager: Shutting down and abandoning module DetailCustomizations (454)
[2019.01.07-12.57.05:470][312]LogModuleManager: Shutting down and abandoning module PackagesDialog (452)
[2019.01.07-12.57.05:471][312]LogModuleManager: Shutting down and abandoning module Persona (450)
[2019.01.07-12.57.05:471][312]LogModuleManager: Shutting down and abandoning module AdvancedPreviewScene (449)
[2019.01.07-12.57.05:471][312]LogModuleManager: Shutting down and abandoning module AnimGraph (447)
[2019.01.07-12.57.05:471][312]LogModuleManager: Shutting down and abandoning module Kismet (444)
[2019.01.07-12.57.05:484][312]LogModuleManager: Shutting down and abandoning module GraphEditor (442)
[2019.01.07-12.57.05:484][312]LogModuleManager: Shutting down and abandoning module ClassViewer (440)
[2019.01.07-12.57.05:484][312]LogModuleManager: Shutting down and abandoning module Toolbox (438)
[2019.01.07-12.57.05:484][312]LogModuleManager: Shutting down and abandoning module ModuleUI (436)
[2019.01.07-12.57.05:484][312]LogModuleManager: Shutting down and abandoning module MovieSceneTools (434)
[2019.01.07-12.57.05:484][312]LogModuleManager: Shutting down and abandoning module OutputLog (432)
[2019.01.07-12.57.05:484][312]LogModuleManager: Shutting down and abandoning module GammaUI (430)
[2019.01.07-12.57.05:484][312]LogModuleManager: Shutting down and abandoning module Documentation (428)
[2019.01.07-12.57.05:484][312]LogModuleManager: Shutting down and abandoning module MovieSceneTracks (426)
[2019.01.07-12.57.05:484][312]LogModuleManager: Shutting down and abandoning module MovieScene (424)
[2019.01.07-12.57.05:485][312]LogModuleManager: Shutting down and abandoning module StreamingPauseRendering (422)
[2019.01.07-12.57.05:485][312]LogModuleManager: Shutting down and abandoning module LauncherPlatform (420)
[2019.01.07-12.57.05:485][312]LogModuleManager: Shutting down and abandoning module AnalyticsET (418)
[2019.01.07-12.57.05:485][312]LogModuleManager: Shutting down and abandoning module PortalServices (416)
[2019.01.07-12.57.05:485][312]LogModuleManager: Shutting down and abandoning module PortalRpc (414)
[2019.01.07-12.57.05:485][312]LogModuleManager: Shutting down and abandoning module MessagingRpc (412)
[2019.01.07-12.57.05:485][312]LogModuleManager: Shutting down and abandoning module AIModule (410)
[2019.01.07-12.57.05:485][312]LogModuleManager: Shutting down and abandoning module GameplayDebugger (409)
[2019.01.07-12.57.05:485][312]LogModuleManager: Shutting down and abandoning module AITestSuite (407)
[2019.01.07-12.57.05:485][312]LogModuleManager: Shutting down and abandoning module NavigationSystem (405)
[2019.01.07-12.57.05:485][312]LogModuleManager: Shutting down and abandoning module DesktopPlatform (402)
[2019.01.07-12.57.05:485][312]LogModuleManager: Shutting down and abandoning module ProfilerService (400)
[2019.01.07-12.57.05:683][312]LogModuleManager: Shutting down and abandoning module TaskGraph (398)
[2019.01.07-12.57.05:683][312]LogModuleManager: Shutting down and abandoning module SteamVRController (396)
[2019.01.07-12.57.05:683][312]LogModuleManager: Shutting down and abandoning module ProceduralMeshComponentEditor (394)
[2019.01.07-12.57.05:683][312]LogModuleManager: Shutting down and abandoning module ProceduralMeshComponent (392)
[2019.01.07-12.57.05:683][312]LogModuleManager: Shutting down and abandoning module OculusInput (390)
[2019.01.07-12.57.05:683][312]LogModuleManager: Shutting down and abandoning module MobilePatchingUtils (388)
[2019.01.07-12.57.05:683][312]LogModuleManager: Shutting down and abandoning module EditableMesh (386)
[2019.01.07-12.57.05:683][312]LogModuleManager: Shutting down and abandoning module CustomMeshComponent (384)
[2019.01.07-12.57.05:683][312]LogModuleManager: Shutting down and abandoning module CableComponent (382)
[2019.01.07-12.57.05:684][312]LogModuleManager: Shutting down and abandoning module AudioCapture (380)
[2019.01.07-12.57.05:684][312]LogModuleManager: Shutting down and abandoning module ArchVisCharacter (378)
[2019.01.07-12.57.05:684][312]LogModuleManager: Shutting down and abandoning module AndroidPermission (376)
[2019.01.07-12.57.05:684][312]LogModuleManager: Shutting down and abandoning module NUTUnrealEngine4 (374)
[2019.01.07-12.57.05:684][312]LogModuleManager: Shutting down and abandoning module NetcodeUnitTest (372)
[2019.01.07-12.57.05:684][312]LogModuleManager: Shutting down and abandoning module MediaCompositingEditor (370)
[2019.01.07-12.57.05:684][312]LogModuleManager: Shutting down and abandoning module MediaCompositing (368)
[2019.01.07-12.57.05:684][312]LogModuleManager: Shutting down and abandoning module LinearTimecode (366)
[2019.01.07-12.57.05:684][312]LogModuleManager: Shutting down and abandoning module ImgMedia (364)
[2019.01.07-12.57.05:693][312]LogModuleManager: Shutting down and abandoning module HTML5Networking (362)
[2019.01.07-12.57.05:693][312]LogModuleManager: Shutting down and abandoning module GeometryCacheTracks (360)
[2019.01.07-12.57.05:693][312]LogModuleManager: Shutting down and abandoning module GeometryCacheSequencer (358)
[2019.01.07-12.57.05:694][312]LogModuleManager: Shutting down and abandoning module BackChannel (356)
[2019.01.07-12.57.05:694][312]LogModuleManager: Shutting down and abandoning module AppleVision (354)
[2019.01.07-12.57.05:694][312]LogModuleManager: Shutting down and abandoning module AppleImageUtils (352)
[2019.01.07-12.57.05:694][312]LogModuleManager: Shutting down and abandoning module AlembicImporter (350)
[2019.01.07-12.57.05:694][312]LogModuleManager: Shutting down and abandoning module AlembicLibrary (349)
[2019.01.07-12.57.05:694][312]LogModuleManager: Shutting down and abandoning module GeometryCache (348)
[2019.01.07-12.57.05:694][312]LogModuleManager: Shutting down and abandoning module GeometryCacheEd (347)
[2019.01.07-12.57.05:694][312]LogModuleManager: Shutting down and abandoning module DatasmithContentEditor (342)
[2019.01.07-12.57.05:694][312]LogModuleManager: Shutting down and abandoning module DatasmithContent (340)
[2019.01.07-12.57.05:695][312]LogModuleManager: Shutting down and abandoning module SpeedTreeImporter (338)
[2019.01.07-12.57.05:695][312]LogModuleManager: Shutting down and abandoning module PluginBrowser (336)
[2019.01.07-12.57.05:695][312]LogModuleManager: Shutting down and abandoning module MobileLauncherProfileWizard (334)
[2019.01.07-12.57.05:695][312]LogModuleManager: Shutting down and abandoning module PolygonModeling (332)
[2019.01.07-12.57.05:695][312]LogModuleManager: Shutting down and abandoning module MeshEditor (330)
[2019.01.07-12.57.05:696][312]LogModuleManager: Shutting down and abandoning module CryptoKeysOpenSSL (328)
[2019.01.07-12.57.05:696][312]LogModuleManager: Shutting down and abandoning module CryptoKeys (326)
[2019.01.07-12.57.05:696][312]LogModuleManager: Shutting down and abandoning module VisualStudioSourceCodeAccess (324)
[2019.01.07-12.57.05:696][312]LogModuleManager: Shutting down and abandoning module VisualStudioCodeSourceCodeAccess (322)
[2019.01.07-12.57.05:696][312]LogModuleManager: Shutting down and abandoning module UObjectPlugin (320)
[2019.01.07-12.57.05:696][312]LogModuleManager: Shutting down and abandoning module SubversionSourceControl (318)
[2019.01.07-12.57.05:696][312]LogModuleManager: Shutting down and abandoning module PerforceSourceControl (316)
[2019.01.07-12.57.05:696][312]LogModuleManager: Shutting down and abandoning module GitSourceControl (314)
[2019.01.07-12.57.05:698][312]LogModuleManager: Shutting down and abandoning module SourceControl (313)
[2019.01.07-12.57.05:698][312]LogModuleManager: Shutting down and abandoning module CLionSourceCodeAccess (310)
[2019.01.07-12.57.05:698][312]LogModuleManager: Shutting down and abandoning module LightPropagationVolumeEditor (308)
[2019.01.07-12.57.05:698][312]LogModuleManager: Shutting down and abandoning module PaperTiledImporter (306)
[2019.01.07-12.57.05:699][312]LogModuleManager: Shutting down and abandoning module PaperSpriteSheetImporter (304)
[2019.01.07-12.57.05:699][312]LogModuleManager: Shutting down and abandoning module Paper2DEditor (302)
[2019.01.07-12.57.05:699][312]LogModuleManager: Shutting down and abandoning module MeshPaint (301)
[2019.01.07-12.57.05:699][312]LogModuleManager: Shutting down and abandoning module RuntimePhysXCooking (298)
[2019.01.07-12.57.05:699][312]LogModuleManager: Shutting down and abandoning module PhysXVehiclesEditor (296)
[2019.01.07-12.57.05:701][312]LogModuleManager: Shutting down and abandoning module PhysXVehicles (294)
[2019.01.07-12.57.05:701][312]LogModuleManager: Shutting down and abandoning module OculusEditor (292)
[2019.01.07-12.57.05:701][312]LogModuleManager: Shutting down and abandoning module LocationServicesBPLibrary (290)
[2019.01.07-12.57.05:701][312]LogModuleManager: Shutting down and abandoning module ImmediatePhysicsEditor (288)
[2019.01.07-12.57.05:701][312]LogModuleManager: Shutting down and abandoning module ImmediatePhysics (286)
[2019.01.07-12.57.05:701][312]LogModuleManager: Shutting down and abandoning module ActorSequence (284)
[2019.01.07-12.57.05:701][312]LogModuleManager: Shutting down and abandoning module UdpMessaging (282)
[2019.01.07-12.57.05:802][312]LogModuleManager: Shutting down and abandoning module TcpMessaging (280)
[2019.01.07-12.57.05:903][312]LogModuleManager: Shutting down and abandoning module MagicLeapAudio (278)
[2019.01.07-12.57.05:903][312]LogModuleManager: Shutting down and abandoning module GameplayTagsEditor (276)
[2019.01.07-12.57.05:903][312]LogModuleManager: Shutting down and abandoning module FacialAnimationEditor (274)
[2019.01.07-12.57.05:903][312]LogModuleManager: Shutting down and abandoning module FacialAnimation (272)
[2019.01.07-12.57.05:903][312]LogModuleManager: Shutting down and abandoning module DataValidation (270)
[2019.01.07-12.57.05:903][312]LogModuleManager: Shutting down and abandoning module AssetManagerEditor (268)
[2019.01.07-12.57.05:903][312]LogModuleManager: Shutting down and abandoning module LevelEditor (267)
[2019.01.07-12.57.05:905][312]LogModuleManager: Shutting down and abandoning module PixelInspectorModule (266)
[2019.01.07-12.57.05:905][312]LogModuleManager: Shutting down and abandoning module CommonMenuExtensions (264)
[2019.01.07-12.57.05:906][312]LogModuleManager: Shutting down and abandoning module MainFrame (262)
[2019.01.07-12.57.05:907][312]LogModuleManager: Shutting down and abandoning module HotReload (261)
[2019.01.07-12.57.05:909][312]LogModuleManager: Shutting down and abandoning module ContentBrowser (257)
[2019.01.07-12.57.05:910][312]LogModuleManager: Shutting down and abandoning module TreeMap (255)
[2019.01.07-12.57.05:910][312]LogModuleManager: Shutting down and abandoning module LightPropagationVolumeRuntime (252)
[2019.01.07-12.57.05:910][312]LogModuleManager: Shutting down and abandoning module AISupportModule (250)
[2019.01.07-12.57.05:910][312]LogModuleManager: Shutting down and abandoning module Paper2D (248)
[2019.01.07-12.57.05:911][312]LogModuleManager: Shutting down and abandoning module WindowsMoviePlayer (246)
[2019.01.07-12.57.05:911][312]LogModuleManager: Shutting down and abandoning module WmfMedia (244)
[2019.01.07-12.57.05:916][312]LogModuleManager: Shutting down and abandoning module Media (243)
[2019.01.07-12.57.05:925][312]LogModuleManager: Shutting down and abandoning module PacketHandler (240)
[2019.01.07-12.57.05:925][312]LogModuleManager: Shutting down and abandoning module ClothingSystemEditor (238)
[2019.01.07-12.57.05:926][312]LogModuleManager: Shutting down and abandoning module ClothingSystemRuntime (236)
[2019.01.07-12.57.05:926][312]LogModuleManager: Shutting down and abandoning module MediaAssets (234)
[2019.01.07-12.57.05:926][312]LogModuleManager: Shutting down and abandoning module Overlay (232)
[2019.01.07-12.57.05:926][312]LogModuleManager: Shutting down and abandoning module OverlayEditor (231)
[2019.01.07-12.57.05:926][312]LogModuleManager: Shutting down and abandoning module VREditor (228)
[2019.01.07-12.57.05:926][312]LogModuleManager: Shutting down and abandoning module StringTableEditor (226)
[2019.01.07-12.57.05:926][312]LogModuleManager: Shutting down and abandoning module GameplayTasksEditor (224)
[2019.01.07-12.57.05:926][312]LogModuleManager: Shutting down and abandoning module BehaviorTreeEditor (222)
[2019.01.07-12.57.05:926][312]LogModuleManager: Shutting down and abandoning module FunctionalTesting (220)
[2019.01.07-12.57.05:926][312]LogModuleManager: Shutting down and abandoning module CollisionAnalyzer (218)
[2019.01.07-12.57.05:926][312]LogModuleManager: Shutting down and abandoning module WorkspaceMenuStructure (217)
[2019.01.07-12.57.05:927][312]LogModuleManager: Shutting down and abandoning module UMG (214)
[2019.01.07-12.57.05:927][312]LogModuleManager: Shutting down and abandoning module UMGEditor (213)
[2019.01.07-12.57.05:927][312]LogModuleManager: Shutting down and abandoning module Sequencer (212)
[2019.01.07-12.57.05:927][312]LogModuleManager: Shutting down and abandoning module MessageLog (209)
[2019.01.07-12.57.05:927][312]LogModuleManager: Shutting down and abandoning module SlateReflector (204)
[2019.01.07-12.57.05:927][312]LogModuleManager: Shutting down and abandoning module Slate (202)
[2019.01.07-12.57.05:927][312]LogModuleManager: Shutting down and abandoning module EditorStyle (200)
[2019.01.07-12.57.05:933][312]LogModuleManager: Shutting down and abandoning module MRMesh (198)
[2019.01.07-12.57.05:933][312]LogModuleManager: Shutting down and abandoning module SourceCodeAccess (196)
[2019.01.07-12.57.05:933][312]LogModuleManager: Shutting down and abandoning module HeadMountedDisplay (194)
[2019.01.07-12.57.05:933][312]LogModuleManager: Shutting down and abandoning module XAudio2 (192)
[2019.01.07-12.57.05:933][312]LogModuleManager: Shutting down and abandoning module Networking (190)
[2019.01.07-12.57.05:933][312]LogModuleManager: Shutting down and abandoning module Core (188)
[2019.01.07-12.57.05:934][312]LogModuleManager: Shutting down and abandoning module LevelSequence (186)
[2019.01.07-12.57.05:934][312]LogModuleManager: Shutting down and abandoning module KismetCompiler (184)
[2019.01.07-12.57.05:934][312]LogModuleManager: Shutting down and abandoning module MeshUtilities (182)
[2019.01.07-12.57.05:934][312]LogModuleManager: Shutting down and abandoning module MeshMergeUtilities (181)
[2019.01.07-12.57.05:934][312]LogModuleManager: Shutting down and abandoning module MeshReductionInterface (180)
[2019.01.07-12.57.05:934][312]LogModuleManager: Shutting down and abandoning module SimplygonSwarm (179)
[2019.01.07-12.57.05:934][312]LogModuleManager: Shutting down and abandoning module ProxyLODMeshReduction (177)
[2019.01.07-12.57.05:934][312]LogModuleManager: Shutting down and abandoning module SimplygonMeshReduction (175)
[2019.01.07-12.57.05:934][312]LogModuleManager: Shutting down and abandoning module QuadricMeshReduction (173)
[2019.01.07-12.57.05:934][312]LogModuleManager: Shutting down and abandoning module MaterialBaking (169)
[2019.01.07-12.57.05:935][312]LogModuleManager: Shutting down and abandoning module DirectoryWatcher (165)
[2019.01.07-12.57.05:935][312]LogModuleManager: Shutting down and abandoning module DerivedDataCache (162)
[2019.01.07-12.57.05:954][312]LogDerivedDataCache: Shutdown
[2019.01.07-12.57.05:954][312]LogModuleManager: Shutting down and abandoning module XGEController (160)
[2019.01.07-12.57.05:954][312]LogModuleManager: Shutting down and abandoning module TargetPlatform (158)
[2019.01.07-12.57.05:954][312]LogModuleManager: Shutting down and abandoning module VulkanShaderFormat (157)
[2019.01.07-12.57.05:954][312]LogModuleManager: Shutting down and abandoning module ShaderFormatVectorVM (155)
[2019.01.07-12.57.05:954][312]LogModuleManager: Shutting down and abandoning module ShaderFormatOpenGL (153)
[2019.01.07-12.57.05:954][312]LogModuleManager: Shutting down and abandoning module ShaderFormatD3D (151)
[2019.01.07-12.57.05:954][312]LogModuleManager: Shutting down and abandoning module MetalShaderFormat (149)
[2019.01.07-12.57.05:954][312]LogModuleManager: Shutting down and abandoning module TextureFormatUncompressed (147)
[2019.01.07-12.57.05:954][312]LogModuleManager: Shutting down and abandoning module TextureFormatPVR (145)
[2019.01.07-12.57.05:955][312]LogModuleManager: Shutting down and abandoning module TextureFormatDXT (143)
[2019.01.07-12.57.05:955][312]LogModuleManager: Shutting down and abandoning module TextureFormatIntelISPCTexComp (141)
[2019.01.07-12.57.05:955][312]LogModuleManager: Shutting down and abandoning module TextureFormatASTC (139)
[2019.01.07-12.57.05:955][312]LogModuleManager: Shutting down and abandoning module ImageWrapper (138)
[2019.01.07-12.57.05:955][312]LogModuleManager: Shutting down and abandoning module TextureFormatAndroid (135)
[2019.01.07-12.57.05:955][312]LogModuleManager: Shutting down and abandoning module AudioFormatOpus (133)
[2019.01.07-12.57.05:955][312]LogModuleManager: Shutting down and abandoning module AudioFormatOgg (131)
[2019.01.07-12.57.05:955][312]LogModuleManager: Shutting down and abandoning module AudioFormatADPCM (129)
[2019.01.07-12.57.05:955][312]LogModuleManager: Shutting down and abandoning module LuminTargetPlatform (127)
[2019.01.07-12.57.05:955][312]LogModuleManager: Shutting down and abandoning module LinuxTargetPlatform (125)
[2019.01.07-12.57.05:955][312]LogModuleManager: Shutting down and abandoning module LinuxServerTargetPlatform (123)
[2019.01.07-12.57.05:955][312]LogModuleManager: Shutting down and abandoning module LinuxNoEditorTargetPlatform (121)
[2019.01.07-12.57.05:955][312]LogModuleManager: Shutting down and abandoning module LinuxClientTargetPlatform (119)
[2019.01.07-12.57.05:955][312]LogModuleManager: Shutting down and abandoning module TVOSTargetPlatform (117)
[2019.01.07-12.57.05:959][312]LogModuleManager: Shutting down and abandoning module Messaging (115)
[2019.01.07-12.57.05:959][312]LogModuleManager: Shutting down and abandoning module IOSTargetPlatform (113)
[2019.01.07-12.57.05:962][312]LogModuleManager: Shutting down and abandoning module HTML5TargetPlatform (111)
[2019.01.07-12.57.05:962][312]LogModuleManager: Shutting down and abandoning module AndroidTargetPlatform (109)
[2019.01.07-12.57.05:978][312]LogModuleManager: Shutting down and abandoning module WindowsTargetPlatform (107)
[2019.01.07-12.57.05:978][312]LogModuleManager: Shutting down and abandoning module WindowsServerTargetPlatform (105)
[2019.01.07-12.57.05:978][312]LogModuleManager: Shutting down and abandoning module WindowsNoEditorTargetPlatform (103)
[2019.01.07-12.57.05:978][312]LogModuleManager: Shutting down and abandoning module WindowsClientTargetPlatform (101)
[2019.01.07-12.57.05:978][312]LogModuleManager: Shutting down and abandoning module MacTargetPlatform (99)
[2019.01.07-12.57.05:978][312]LogModuleManager: Shutting down and abandoning module MacServerTargetPlatform (97)
[2019.01.07-12.57.05:978][312]LogModuleManager: Shutting down and abandoning module MacNoEditorTargetPlatform (95)
[2019.01.07-12.57.05:978][312]LogModuleManager: Shutting down and abandoning module MacClientTargetPlatform (93)
[2019.01.07-12.57.05:978][312]LogModuleManager: Shutting down and abandoning module AllDesktopTargetPlatform (91)
[2019.01.07-12.57.05:978][312]LogModuleManager: Shutting down and abandoning module InputCore (88)
[2019.01.07-12.57.05:978][312]LogModuleManager: Shutting down and abandoning module Settings (86)
[2019.01.07-12.57.05:979][312]LogModuleManager: Shutting down and abandoning module PhysXCooking (84)
[2019.01.07-12.57.05:979][312]LogModuleManager: Shutting down and abandoning module SteamVR (82)
[2019.01.07-12.57.05:979][312]LogModuleManager: Shutting down and abandoning module OculusHMD (80)
[2019.01.07-12.57.05:979][312]LogModuleManager: Shutting down and abandoning module ExampleDeviceProfileSelector (78)
[2019.01.07-12.57.05:979][312]LogModuleManager: Shutting down and abandoning module LauncherChunkInstaller (76)
[2019.01.07-12.57.05:979][312]LogModuleManager: Shutting down and abandoning module OnlineBlueprintSupport (74)
[2019.01.07-12.57.05:979][312]LogModuleManager: Shutting down and abandoning module OnlineSubsystem (70)
[2019.01.07-12.57.05:980][312]LogModuleManager: Shutting down and abandoning module XMPP (65)
[2019.01.07-12.57.05:980][312]LogModuleManager: Shutting down and abandoning module WebSockets (64)
[2019.01.07-12.57.06:015][312]LogModuleManager: Shutting down and abandoning module HTTP (61)
[2019.01.07-12.57.06:015][312]LogHttp: Display: Http module shutting down, but needs to wait on 1 outstanding Http requests:
[2019.01.07-12.57.06:015][312]LogHttp: Display: 	verb=[POST] url=[https://datarouter.ol.epicgames.com/datarouter/api/v1/public/data?SessionID=%7B21563B08-4131-E2A3-BFAD-BDB35503137E%7D&AppID=UEEditor.Rocket.Release&AppVersion=4.20.3-4369336%2B%2B%2BUE4%2BRelease-4.20&UserID=3bc8acd245884c4cfaf187b83114f5e2%7C4d9e478e173e4a419d1853b91db8384a%7Cb67a0ff0-c45f-483f-8021-3522df37f9d5&AppEnvironment=datacollector-binary&UploadType=eteventstream] status=Processing
[2019.01.07-12.57.06:020][312]LogModuleManager: Shutting down and abandoning module SSL (60)
[2019.01.07-12.57.06:022][312]LogModuleManager: Shutting down and abandoning module MagicLeapEmulator (56)
[2019.01.07-12.57.06:022][312]LogModuleManager: Shutting down and abandoning module MagicLeapPrivileges (54)
[2019.01.07-12.57.06:022][312]LogModuleManager: Shutting down and abandoning module MagicLeapIdentity (52)
[2019.01.07-12.57.06:022][312]LogModuleManager: Shutting down and abandoning module MagicLeapHelperVulkan (50)
[2019.01.07-12.57.06:022][312]LogModuleManager: Shutting down and abandoning module MagicLeapHelperOpenGL (48)
[2019.01.07-12.57.06:022][312]LogModuleManager: Shutting down and abandoning module MagicLeapSecureStorage (46)
[2019.01.07-12.57.06:023][312]LogModuleManager: Shutting down and abandoning module MagicLeapGestures (44)
[2019.01.07-12.57.06:023][312]LogModuleManager: Shutting down and abandoning module MagicLeapEyeTracker (42)
[2019.01.07-12.57.06:023][312]LogModuleManager: Shutting down and abandoning module MagicLeapController (40)
[2019.01.07-12.57.06:024][312]LogSlate: Slate User Destroyed.  User Index 0, Is Virtual User: 0
[2019.01.07-12.57.06:024][312]LogModuleManager: Shutting down and abandoning module MagicLeap (38)
[2019.01.07-12.57.06:024][312]LogModuleManager: Shutting down and abandoning module AnimationModifiers (36)
[2019.01.07-12.57.06:024][312]LogModuleManager: Shutting down and abandoning module PropertyEditor (35)
[2019.01.07-12.57.06:025][312]LogModuleManager: Shutting down and abandoning module AudioEditor (32)
[2019.01.07-12.57.06:025][312]LogModuleManager: Shutting down and abandoning module TextureCompressor (30)
[2019.01.07-12.57.06:025][312]LogModuleManager: Shutting down and abandoning module ShaderCore (28)
[2019.01.07-12.57.06:025][312]LogModuleManager: Shutting down and abandoning module Landscape (26)
[2019.01.07-12.57.06:025][312]LogModuleManager: Shutting down and abandoning module SlateRHIRenderer (24)
[2019.01.07-12.57.06:026][312]LogModuleManager: Shutting down and abandoning module OpenGLDrv (22)
[2019.01.07-12.57.06:027][312]LogModuleManager: Shutting down and abandoning module D3D11RHI (20)
[2019.01.07-12.57.06:027][312]LogModuleManager: Shutting down and abandoning module AnimGraphRuntime (18)
[2019.01.07-12.57.06:027][312]LogModuleManager: Shutting down and abandoning module Renderer (16)
[2019.01.07-12.57.06:027][312]LogModuleManager: Shutting down and abandoning module Engine (14)
[2019.01.07-12.57.06:027][312]LogModuleManager: Shutting down and abandoning module CoreUObject (12)
[2019.01.07-12.57.06:027][312]LogModuleManager: Shutting down and abandoning module NetworkFile (10)
[2019.01.07-12.57.06:028][312]LogModuleManager: Shutting down and abandoning module CookedIterativeFile (8)
[2019.01.07-12.57.06:028][312]LogModuleManager: Shutting down and abandoning module StreamingFile (6)
[2019.01.07-12.57.06:028][312]LogModuleManager: Shutting down and abandoning module SandboxFile (4)
[2019.01.07-12.57.06:028][312]LogModuleManager: Shutting down and abandoning module PakFile (2)
[2019.01.07-12.57.06:032][312]LogExit: Exiting.
[2019.01.07-12.57.06:045][312]Log file closed, 01/07/19 15:57:06
