Log file open, 01/07/19 21:26:24
LogWindows: Failed to load 'aqProf.dll' (GetLastError=126)
LogWindows: File 'aqProf.dll' does not exist
LogWindows: Failed to load 'VSPerf140.dll' (GetLastError=126)
LogWindows: File 'VSPerf140.dll' does not exist
LogWindows: Failed to load 'VtuneApi.dll' (GetLastError=126)
LogWindows: File 'VtuneApi.dll' does not exist
LogWindows: Failed to load 'VtuneApi32e.dll' (GetLastError=126)
LogWindows: File 'VtuneApi32e.dll' does not exist
LogInit: Display: Running engine for game: AgarIO
LogPlatformFile: Not using cached read wrapper
LogTaskGraph: Started task graph with 5 named threads and 11 total threads with 3 sets of task threads.
LogStats: Stats thread started at 0.255105
LogD3D11RHI: Loaded GFSDK_Aftermath_Lib.x64.dll
LogICUInternationalization: Display: ICU TimeZone Detection - Raw Offset: +3:00, Platform Override: ''
LogPluginManager: Mounting plugin Paper2D
LogPluginManager: Mounting plugin AISupport
LogPluginManager: Mounting plugin LightPropagationVolume
LogPluginManager: Mounting plugin CLionSourceCodeAccess
LogPluginManager: Mounting plugin CodeLiteSourceCodeAccess
LogPluginManager: Mounting plugin GitSourceControl
LogPluginManager: Mounting plugin KDevelopSourceCodeAccess
LogPluginManager: Mounting plugin NullSourceCodeAccess
LogPluginManager: Mounting plugin PerforceSourceControl
LogPluginManager: Mounting plugin SubversionSourceControl
LogPluginManager: Mounting plugin UObjectPlugin
LogPluginManager: Mounting plugin VisualStudioCodeSourceCodeAccess
LogPluginManager: Mounting plugin VisualStudioSourceCodeAccess
LogPluginManager: Mounting plugin XCodeSourceCodeAccess
LogPluginManager: Mounting plugin AssetManagerEditor
LogPluginManager: Mounting plugin CryptoKeys
LogPluginManager: Mounting plugin DataValidation
LogPluginManager: Mounting plugin FacialAnimation
LogPluginManager: Mounting plugin GameplayTagsEditor
LogPluginManager: Mounting plugin MacGraphicsSwitching
LogPluginManager: Mounting plugin MeshEditor
LogPluginManager: Mounting plugin MobileLauncherProfileWizard
LogPluginManager: Mounting plugin PluginBrowser
LogPluginManager: Mounting plugin SpeedTreeImporter
LogPluginManager: Mounting plugin DatasmithContent
LogPluginManager: Mounting plugin AlembicImporter
LogPluginManager: Mounting plugin AppleImageUtils
LogPluginManager: Mounting plugin AppleVision
LogPluginManager: Mounting plugin BackChannel
LogPluginManager: Mounting plugin CharacterAI
LogPluginManager: Mounting plugin GeometryCache
LogPluginManager: Mounting plugin HTML5Networking
LogPluginManager: Mounting plugin ProxyLODPlugin
LogPluginManager: Mounting plugin MagicLeap
LogPluginManager: Mounting plugin MagicLeapEmulator
LogPluginManager: Mounting plugin MagicLeapMedia
LogPluginManager: Mounting plugin AndroidMedia
LogPluginManager: Mounting plugin AvfMedia
LogPluginManager: Mounting plugin ImgMedia
LogPluginManager: Mounting plugin LinearTimecode
LogPluginManager: Mounting plugin MediaCompositing
LogPluginManager: Mounting plugin MediaPlayerEditor
LogPluginManager: Mounting plugin WmfMedia
LogPluginManager: Mounting plugin TcpMessaging
LogPluginManager: Mounting plugin UdpMessaging
LogPluginManager: Mounting plugin ActorSequence
LogPluginManager: Mounting plugin LevelSequenceEditor
LogPluginManager: Mounting plugin MatineeToLevelSequence
LogPluginManager: Mounting plugin NetcodeUnitTest
LogPluginManager: Mounting plugin NUTUnrealEngine4
LogPluginManager: Mounting plugin OnlineSubsystemGooglePlay
LogPluginManager: Mounting plugin OnlineSubsystemIOS
LogPluginManager: Mounting plugin OnlineSubsystem
LogPluginManager: Mounting plugin OnlineSubsystemNull
LogPluginManager: Mounting plugin OnlineSubsystemUtils
LogPluginManager: Mounting plugin LauncherChunkInstaller
LogPluginManager: Mounting plugin AndroidDeviceProfileSelector
LogPluginManager: Mounting plugin AndroidMoviePlayer
LogPluginManager: Mounting plugin AndroidPermission
LogPluginManager: Mounting plugin AppleMoviePlayer
LogPluginManager: Mounting plugin ArchVisCharacter
LogPluginManager: Mounting plugin AudioCapture
LogPluginManager: Mounting plugin CableComponent
LogPluginManager: Mounting plugin CustomMeshComponent
LogPluginManager: Mounting plugin EditableMesh
LogPluginManager: Mounting plugin ExampleDeviceProfileSelector
LogPluginManager: Mounting plugin GoogleCloudMessaging
LogPluginManager: Mounting plugin ImmediatePhysics
LogPluginManager: Mounting plugin IOSDeviceProfileSelector
LogPluginManager: Mounting plugin LinuxDeviceProfileSelector
LogPluginManager: Mounting plugin LocationServicesBPLibrary
LogPluginManager: Mounting plugin MobilePatchingUtils
LogPluginManager: Mounting plugin OculusVR
LogPluginManager: Plugin shader directory ../../../Engine/Plugins/Runtime/Oculus/OculusVR/Shaders found
LogPluginManager: Mapping shader source directory ../../../Engine/Plugins/Runtime/Oculus/OculusVR/Shaders to virtual directory /Plugin/OculusVR
LogPluginManager: Mounting plugin PhysXVehicles
LogPluginManager: Mounting plugin ProceduralMeshComponent
LogPluginManager: Mounting plugin RuntimePhysXCooking
LogPluginManager: Mounting plugin SteamVR
LogPluginManager: Mounting plugin WindowsMoviePlayer
LogStreaming: Display: Took  0.595s to configure plugins.
LogWindows: Failed to load 'C:\Users\User\MagicLeap\mlsdk/lib/win64/ml_perception_client.dll' (GetLastError=126)
LogWindows: File 'C:\Users\User\MagicLeap\mlsdk/lib/win64/ml_perception_client.dll' does not exist
LogWindows: Failed to load 'C:\Users\User\MagicLeap\mlsdk/lib/win64/ml_perception_client.dll' (GetLastError=126)
LogWindows: File 'C:\Users\User\MagicLeap\mlsdk/lib/win64/ml_perception_client.dll' does not exist
LogWindows: Failed to load 'C:\Users\User\MagicLeap\mlsdk/lib/win64/ml_graphics.dll' (GetLastError=126)
LogWindows: File 'C:\Users\User\MagicLeap\mlsdk/lib/win64/ml_graphics.dll' does not exist
LogWindows: Failed to load 'C:\Users\User\MagicLeap\mlsdk/lib/win64/ml_lifecycle.dll' (GetLastError=126)
LogWindows: File 'C:\Users\User\MagicLeap\mlsdk/lib/win64/ml_lifecycle.dll' does not exist
LogWindows: Failed to load 'C:\Users\User\MagicLeap\mlsdk/lib/win64/ml_input.dll' (GetLastError=126)
LogWindows: File 'C:\Users\User\MagicLeap\mlsdk/lib/win64/ml_input.dll' does not exist
LogWindows: Failed to load 'C:\Users\User\MagicLeap\mlsdk/lib/win64/ml_secure_storage.dll' (GetLastError=126)
LogWindows: File 'C:\Users\User\MagicLeap\mlsdk/lib/win64/ml_secure_storage.dll' does not exist
LogWindows: Failed to load 'C:\Users\User\MagicLeap\mlsdk/lib/win64/ml_identity.dll' (GetLastError=126)
LogWindows: File 'C:\Users\User\MagicLeap\mlsdk/lib/win64/ml_identity.dll' does not exist
LogWindows: Failed to load 'C:\Users\User\MagicLeap\mlsdk/lib/win64/ml_privileges.dll' (GetLastError=126)
LogWindows: File 'C:\Users\User\MagicLeap\mlsdk/lib/win64/ml_privileges.dll' does not exist
LogInit: Using libcurl 7.55.1-DEV
LogInit:  - built for x86_64-pc-win32
LogInit:  - supports SSL with OpenSSL/1.0.2h
LogInit:  - supports HTTP deflate (compression) using libz 1.2.8
LogInit:  - other features:
LogInit:      CURL_VERSION_SSL
LogInit:      CURL_VERSION_LIBZ
LogInit:      CURL_VERSION_IPV6
LogInit:      CURL_VERSION_ASYNCHDNS
LogInit:      CURL_VERSION_LARGEFILE
LogInit:      CURL_VERSION_IDN
LogInit:  CurlRequestOptions (configurable via config and command line):
LogInit:  - bVerifyPeer = false  - Libcurl will NOT verify peer certificate
LogInit:  - bUseHttpProxy = false  - Libcurl will NOT use HTTP proxy
LogInit:  - bDontReuseConnections = false  - Libcurl will reuse connections
LogInit:  - CertBundlePath = nullptr  - Libcurl will use whatever was configured at build time.
LogInit:  - MaxHostConnections = 16  - Libcurl will limit the number of connections to a host
LogInit:  - LocalHostAddr = Default
LogInit:  - BufferSize = 65536
LogInit: WinSock: version 1.1 (2.2), MaxSocks=32767, MaxUdp=65467
LogInit: Build: ++UE4+Release-4.20-CL-4369336
LogInit: Engine Version: 4.20.3-4369336+++UE4+Release-4.20
LogInit: Compatible Engine Version: 4.20.0-4212847+++UE4+Release-4.20
LogInit: Net CL: 4212847
LogInit: OS: Windows 10 (), CPU: Intel(R) Core(TM) i7-4510U CPU @ 2.00GHz, GPU: Intel(R) HD Graphics Family
LogInit: Compiled (64-bit): Sep 17 2018 12:26:19
LogInit: Compiled with Visual C++: 19.13.26129.00
LogInit: Build Configuration: Development
LogInit: Branch Name: ++UE4+Release-4.20
LogInit: Command Line:  
LogInit: Base Directory: C:/Program Files/Epic Games/UE_4.20/Engine/Binaries/Win64/
LogInit: Installed Engine Build: 1
LogDevObjectVersion: Number of dev versions registered: 20
LogDevObjectVersion:   Dev-Blueprints (B0D832E4-1F89-4F0D-ACCF-7EB736FD4AA2): 10
LogDevObjectVersion:   Dev-Build (E1C64328-A22C-4D53-A36C-8E866417BD8C): 0
LogDevObjectVersion:   Dev-Core (375EC13C-06E4-48FB-B500-84F0262A717E): 2
LogDevObjectVersion:   Dev-Editor (E4B068ED-F494-42E9-A231-DA0B2E46BB41): 24
LogDevObjectVersion:   Dev-Framework (CFFC743F-43B0-4480-9391-14DF171D2073): 34
LogDevObjectVersion:   Dev-Mobile (B02B49B5-BB20-44E9-A304-32B752E40360): 2
LogDevObjectVersion:   Dev-Networking (A4E4105C-59A1-49B5-A7C5-40C4547EDFEE): 0
LogDevObjectVersion:   Dev-Online (39C831C9-5AE6-47DC-9A44-9C173E1C8E7C): 0
LogDevObjectVersion:   Dev-Physics (78F01B33-EBEA-4F98-B9B4-84EACCB95AA2): 0
LogDevObjectVersion:   Dev-Platform (6631380F-2D4D-43E0-8009-CF276956A95A): 0
LogDevObjectVersion:   Dev-Rendering (12F88B9F-8875-4AFC-A67C-D90C383ABD29): 26
LogDevObjectVersion:   Dev-Sequencer (7B5AE74C-D270-4C10-A958-57980B212A5A): 9
LogDevObjectVersion:   Dev-VR (D7296918-1DD6-4BDD-9DE2-64A83CC13884): 2
LogDevObjectVersion:   Dev-LoadTimes (C2A15278-BFE7-4AFE-6C17-90FF531DF755): 1
LogDevObjectVersion:   Private-Geometry (6EACA3D4-40EC-4CC1-B786-8BED09428FC5): 3
LogDevObjectVersion:   Dev-AnimPhys (29E575DD-E0A3-4627-9D10-D276232CDCEA): 17
LogDevObjectVersion:   Dev-ReflectionCapture (6B266CEC-1EC7-4B8F-A30B-E4D90942FC07): 1
LogDevObjectVersion:   Dev-Automation (0DF73D61-A23F-47EA-B727-89E90C41499A): 1
LogDevObjectVersion:   FortniteMain (601D1886-AC64-4F84-AA16-D3DE0DEAC7D6): 12
LogDevObjectVersion:   Dev-Enterprise (9DFFBCD6-494F-0158-E221-12823C92A888): 1
LogStreaming: Display: Took  0.003s to delete old logs.
LogInit: Presizing for max 8388607 objects, including 0 objects not considered by GC, pre-allocating 0 bytes for permanent pool.
LogInit: Object subsystem initialized
[2019.01.07-18.26.25:460][  0]LogInit: Selected Device Profile: [Windows]
[2019.01.07-18.26.25:460][  0]LogInit: Applying CVar settings loaded from the selected device profile: [Windows]
[2019.01.07-18.26.25:559][  0]LogHAL: Display: Platform has ~ 8 GB [8481255424 / 8589934592 / 8], which maps to Default [LargestMinGB=32, LargerMinGB=12, DefaultMinGB=8, SmallerMinGB=6, SmallestMinGB=0)
[2019.01.07-18.26.25:559][  0]LogInit: Setting Device Profile CVar: [[r.Vulkan.UseRealUBs:1]]
[2019.01.07-18.26.25:559][  0]LogInit: Going up to parent DeviceProfile []
[2019.01.07-18.26.25:561][  0]LogInit: Computer: DESKTOP-TRS5PGJ
[2019.01.07-18.26.25:561][  0]LogInit: User: User
[2019.01.07-18.26.25:561][  0]LogInit: CPU Page size=4096, Cores=2
[2019.01.07-18.26.25:561][  0]LogInit: High frequency timer resolution =2.533192 MHz
[2019.01.07-18.26.25:562][  0]LogMemory: Memory total: Physical=7.9GB (8GB approx)
[2019.01.07-18.26.25:562][  0]LogMemory: Platform Memory Stats for Windows
[2019.01.07-18.26.25:562][  0]LogMemory: Process Physical Memory: 100.45 MB used, 100.45 MB peak
[2019.01.07-18.26.25:563][  0]LogMemory: Process Virtual Memory: 84.91 MB used, 84.91 MB peak
[2019.01.07-18.26.25:563][  0]LogMemory: Physical Memory: 5657.26 MB used,  2431.09 MB free, 8088.36 MB total
[2019.01.07-18.26.25:563][  0]LogMemory: Virtual Memory: 4621.48 MB used,  2431.09 MB free, 134217728.00 MB total
[2019.01.07-18.26.25:625][  0]LogInit: Using OS detected language (en-US).
[2019.01.07-18.26.25:625][  0]LogInit: Using OS detected locale (ru-RU).
[2019.01.07-18.26.25:629][  0]LogTextLocalizationManager: No specific localization for 'en-US' exists, so the 'en' localization will be used.
[2019.01.07-18.26.26:518][  0]LogStreaming: Display: Took  0.894s to InitEngineTextLocalization.
[2019.01.07-18.26.26:518][  0]LogInit: Setting process to per monitor DPI aware
[2019.01.07-18.26.26:612][  0]LogSlate: New Slate User Created.  User Index 0, Is Virtual User: 0
[2019.01.07-18.26.26:612][  0]LogSlate: Slate User Registered.  User Index 0, Is Virtual User: 0
[2019.01.07-18.26.27:459][  0]LogHMD: Failed to initialize OpenVR with code 110
[2019.01.07-18.26.27:460][  0]LogD3D11RHI: D3D11 adapters:
[2019.01.07-18.26.27:621][  0]LogD3D11RHI:    0. 'NVIDIA GeForce 840M' (Feature Level 11_0)
[2019.01.07-18.26.27:621][  0]LogD3D11RHI:       4065/0/4044 MB DedicatedVideo/DedicatedSystem/SharedSystem, Outputs:1, VendorId:0x10de
[2019.01.07-18.26.27:635][  0]LogD3D11RHI:    1. 'Intel(R) HD Graphics Family' (Feature Level 11_0)
[2019.01.07-18.26.27:635][  0]LogD3D11RHI:       112/0/2048 MB DedicatedVideo/DedicatedSystem/SharedSystem, Outputs:0, VendorId:0x8086
[2019.01.07-18.26.27:640][  0]LogD3D11RHI:    2. 'Microsoft Basic Render Driver' (Feature Level 11_0)
[2019.01.07-18.26.27:640][  0]LogD3D11RHI:       0/0/4044 MB DedicatedVideo/DedicatedSystem/SharedSystem, Outputs:0, VendorId:0x1414
[2019.01.07-18.26.27:640][  0]LogD3D11RHI: Chosen D3D11 Adapter: 0
[2019.01.07-18.26.27:718][  0]LogD3D11RHI: Creating new Direct3DDevice
[2019.01.07-18.26.27:718][  0]LogD3D11RHI:     GPU DeviceId: 0x1341 (for the marketing name, search the web for "GPU Device Id")
[2019.01.07-18.26.27:718][  0]LogWindows: EnumDisplayDevices:
[2019.01.07-18.26.27:719][  0]LogWindows:    0. 'Intel(R) HD Graphics Family' (P:1 D:1)
[2019.01.07-18.26.27:720][  0]LogWindows:    1. 'Intel(R) HD Graphics Family' (P:0 D:0)
[2019.01.07-18.26.27:721][  0]LogWindows:    2. 'Intel(R) HD Graphics Family' (P:0 D:0)
[2019.01.07-18.26.27:721][  0]LogWindows: DebugString: PrimaryIsNotTheChoosenAdapter PrimaryIsNotTheChoosenAdapter PrimaryIsNotTheChoosenAdapter FoundDriverCount:0 
[2019.01.07-18.26.27:721][  0]LogD3D11RHI:     Adapter Name: NVIDIA GeForce 840M
[2019.01.07-18.26.27:721][  0]LogD3D11RHI:   Driver Version: Unknown (internal:Unknown, unified:Unknown)
[2019.01.07-18.26.27:721][  0]LogD3D11RHI:      Driver Date: Unknown
[2019.01.07-18.26.27:722][  0]LogRHI: Texture pool is 2846 MB (70% of 4065 MB)
[2019.01.07-18.26.27:794][  0]LogD3D11RHI: Async texture creation enabled
[2019.01.07-18.26.27:813][  0]LogD3D11RHI: GPU Timing Frequency: 1000.000000 (Debug: 2 1)
[2019.01.07-18.26.27:817][  0]LogShaderCompilers: Guid format shader working directory is -17 characters bigger than the processId version (../../../../../../Users/User/Documents/Unreal Projects/AgarIO/Intermediate/Shaders/WorkingDirectory/13688/).
[2019.01.07-18.26.27:818][  0]LogShaderCompilers: Cleaned the shader compiler working directory 'C:/Users/User/AppData/Local/Temp/UnrealShaderWorkingDir/5128C27B43F6A0279E6CC69BCC72CB1B/'.
[2019.01.07-18.26.29:068][  0]LogTemp: Display: Loaded TP AllDesktopTargetPlatform
[2019.01.07-18.26.29:113][  0]LogTemp: Display: Loaded TP MacClientTargetPlatform
[2019.01.07-18.26.29:162][  0]LogTemp: Display: Loaded TP MacNoEditorTargetPlatform
[2019.01.07-18.26.29:208][  0]LogTemp: Display: Loaded TP MacServerTargetPlatform
[2019.01.07-18.26.29:251][  0]LogTemp: Display: Loaded TP MacTargetPlatform
[2019.01.07-18.26.29:303][  0]LogTemp: Display: Loaded TP WindowsClientTargetPlatform
[2019.01.07-18.26.29:344][  0]LogTemp: Display: Loaded TP WindowsNoEditorTargetPlatform
[2019.01.07-18.26.29:395][  0]LogTemp: Display: Loaded TP WindowsServerTargetPlatform
[2019.01.07-18.26.29:424][  0]LogTemp: Display: Loaded TP WindowsTargetPlatform
[2019.01.07-18.26.29:714][  0]LogTemp: Display: Loaded TP AndroidTargetPlatform
[2019.01.07-18.26.29:714][  0]LogTemp: Display: Loaded TP AndroidTargetPlatform
[2019.01.07-18.26.29:714][  0]LogTemp: Display: Loaded TP AndroidTargetPlatform
[2019.01.07-18.26.29:714][  0]LogTemp: Display: Loaded TP AndroidTargetPlatform
[2019.01.07-18.26.29:714][  0]LogTemp: Display: Loaded TP AndroidTargetPlatform
[2019.01.07-18.26.29:714][  0]LogTemp: Display: Loaded TP AndroidTargetPlatform
[2019.01.07-18.26.29:714][  0]LogTemp: Display: Loaded TP AndroidTargetPlatform
[2019.01.07-18.26.29:714][  0]LogTemp: Display: Loaded TP AndroidTargetPlatform
[2019.01.07-18.26.29:714][  0]LogTemp: Display: Loaded TP AndroidTargetPlatform
[2019.01.07-18.26.29:714][  0]LogTemp: Display: Loaded TP AndroidTargetPlatform
[2019.01.07-18.26.29:714][  0]LogTemp: Display: Loaded TP AndroidTargetPlatform
[2019.01.07-18.26.29:714][  0]LogTemp: Display: Loaded TP AndroidTargetPlatform
[2019.01.07-18.26.29:715][  0]LogTemp: Display: Loaded TP AndroidTargetPlatform
[2019.01.07-18.26.29:715][  0]LogTemp: Display: Loaded TP AndroidTargetPlatform
[2019.01.07-18.26.29:715][  0]LogTemp: Display: Loaded TP AndroidTargetPlatform
[2019.01.07-18.26.29:715][  0]LogTemp: Display: Loaded TP AndroidTargetPlatform
[2019.01.07-18.26.29:715][  0]LogTemp: Display: Loaded TP AndroidTargetPlatform
[2019.01.07-18.26.29:715][  0]LogTemp: Display: Loaded TP AndroidTargetPlatform
[2019.01.07-18.26.29:721][  0]LogTemp: Display: Loaded TP HTML5TargetPlatform
[2019.01.07-18.26.29:884][  0]LogTemp: Display: Loaded TP IOSTargetPlatform
[2019.01.07-18.26.29:884][  0]LogTemp: Display: Loaded TP IOSTargetPlatform
[2019.01.07-18.26.29:982][  0]LogTemp: Display: Loaded TP TVOSTargetPlatform
[2019.01.07-18.26.29:982][  0]LogTemp: Display: Loaded TP TVOSTargetPlatform
[2019.01.07-18.26.30:030][  0]LogTemp: Display: Loaded TP LinuxClientTargetPlatform
[2019.01.07-18.26.30:073][  0]LogTemp: Display: Loaded TP LinuxNoEditorTargetPlatform
[2019.01.07-18.26.30:115][  0]LogTemp: Display: Loaded TP LinuxServerTargetPlatform
[2019.01.07-18.26.30:165][  0]LogTemp: Display: Loaded TP LinuxTargetPlatform
[2019.01.07-18.26.30:200][  0]LogTemp: Display: Loaded TP LuminTargetPlatform
[2019.01.07-18.26.30:200][  0]LogTargetPlatformManager: Display: Building Assets For Windows
[2019.01.07-18.26.30:527][  0]LogXGEController: Cannot use XGE Controller as Incredibuild is not installed on this machine.
[2019.01.07-18.26.30:528][  0]LogShaderCompilers: Cannot use XGE Shader Compiler as Incredibuild is not installed on this machine.
[2019.01.07-18.26.30:528][  0]LogShaderCompilers: Display: Using Local Shader Compiler.
[2019.01.07-18.26.33:665][  0]LogDerivedDataCache: Display: Max Cache Size: 512 MB
[2019.01.07-18.26.33:949][  0]LogDerivedDataCache: Loaded boot cache 0.28s 71MB C:/Users/User/AppData/Local/UnrealEngine/4.20/DerivedDataCache/Boot.ddc.
[2019.01.07-18.26.33:949][  0]LogDerivedDataCache: Display: Loaded Boot cache: C:/Users/User/AppData/Local/UnrealEngine/4.20/DerivedDataCache/Boot.ddc
[2019.01.07-18.26.33:949][  0]LogDerivedDataCache: FDerivedDataBackendGraph:  Pak pak cache file ../../../../../../Users/User/Documents/Unreal Projects/AgarIO/DerivedDataCache/DDC.ddp not found, will not use a pak cache.
[2019.01.07-18.26.33:949][  0]LogDerivedDataCache: Unable to find inner node Pak for hierarchical cache Hierarchy.
[2019.01.07-18.26.33:950][  0]LogDerivedDataCache: FDerivedDataBackendGraph:  CompressedPak pak cache file ../../../../../../Users/User/Documents/Unreal Projects/AgarIO/DerivedDataCache/Compressed.ddp not found, will not use a pak cache.
[2019.01.07-18.26.33:950][  0]LogDerivedDataCache: Unable to find inner node CompressedPak for hierarchical cache Hierarchy.
[2019.01.07-18.26.33:984][  0]LogDerivedDataCache: Display: Pak cache opened for reading ../../../Engine/DerivedDataCache/Compressed.ddp.
[2019.01.07-18.26.33:999][  0]LogDerivedDataCache: Using Local data cache path C:/Users/User/AppData/Local/UnrealEngine/Common/DerivedDataCache: Writable
[2019.01.07-18.26.33:999][  0]LogDerivedDataCache: Shared data cache path not found in *engine.ini, will not use an Shared cache.
[2019.01.07-18.26.33:999][  0]LogDerivedDataCache: Unable to find inner node Shared for hierarchical cache Hierarchy.
[2019.01.07-18.26.34:062][  0]LogMaterial: Verifying Global Shaders for PCD3D_SM5
[2019.01.07-18.26.34:067][  0]LogSlate: Using FreeType 2.6.0
[2019.01.07-18.26.34:069][  0]LogSlate: SlateFontServices - WITH_FREETYPE: 1, WITH_HARFBUZZ: 1
[2019.01.07-18.26.34:291][  0]LogAssetRegistry: FAssetRegistry took 0.0381 seconds to start up
[2019.01.07-18.26.35:308][  0]LogInit: Selected Device Profile: [Windows]
[2019.01.07-18.26.35:729][  0]LogSimplygon: Simplygon DLL not present - disabling.
[2019.01.07-18.26.35:747][  0]LogMeshReduction: Using SimplygonSwarm for distributed automatic mesh merging
[2019.01.07-18.26.35:747][  0]LogMeshReduction: Using ProxyLODMeshReduction for automatic mesh merging
[2019.01.07-18.26.35:747][  0]LogMeshReduction: Using QuadricMeshReduction for automatic static mesh reduction
[2019.01.07-18.26.35:747][  0]LogMeshReduction: No automatic skeletal mesh reduction module available
[2019.01.07-18.26.35:796][  0]LogNetVersion: AgarIO 1.0.0, NetCL: 4212847, EngineNetVer: 5, GameNetVer: 0 (Checksum: 2307233235)
[2019.01.07-18.26.37:683][  0]LogPackageLocalizationCache: Processed 11 localized package path(s) for 2 prioritized culture(s) in 0.586708 seconds
[2019.01.07-18.26.37:697][  0]LogUObjectArray: 38425 objects as part of root set at end of initial load.
[2019.01.07-18.26.37:697][  0]LogUObjectAllocator: 6690864 out of 0 bytes used by permanent object pool.
[2019.01.07-18.26.37:697][  0]LogUObjectArray: CloseDisregardForGC: 0/0 objects in disregard for GC pool
[2019.01.07-18.27.13:869][  0]LogTcpMessaging: Initializing TcpMessaging bridge
[2019.01.07-18.27.13:884][  0]LogUdpMessaging: Initializing bridge on interface 0.0.0.0:0 to multicast group 230.0.0.1:6666.
[2019.01.07-18.27.14:930][  0]SourceControl: Source control is disabled
[2019.01.07-18.27.17:254][  0]LogAndroidPermission: UAndroidPermissionCallbackProxy::GetInstance
[2019.01.07-18.27.17:333][  0]LogOcInput: OculusInput pre-init called
[2019.01.07-18.27.17:592][  0]LogEngine: Initializing Engine...
[2019.01.07-18.27.17:594][  0]LogHMD: Failed to initialize OpenVR with code 110
[2019.01.07-18.27.17:626][  0]LogStats: UGameplayTagsManager::ConstructGameplayTagTree: ImportINI prefixes -  0.000 s
[2019.01.07-18.27.17:626][  0]LogStats: UGameplayTagsManager::ConstructGameplayTagTree: Construct from data asset -  0.000 s
[2019.01.07-18.27.17:626][  0]LogStats: UGameplayTagsManager::ConstructGameplayTagTree: ImportINI -  0.000 s
[2019.01.07-18.27.17:626][  0]LogStats: UGameplayTagsManager::ConstructGameplayTagTree: GameplayTagTreeChangedEvent.Broadcast -  0.000 s
[2019.01.07-18.27.18:133][  0]LogInit: Initializing FReadOnlyCVARCache
[2019.01.07-18.27.18:198][  0]LogAIModule: Creating AISystem for world Untitled
[2019.01.07-18.27.18:219][  0]LogInit: XAudio2 using 'Динамики (Conexant SmartAudio HD)' : 2 channels at 48 kHz using 16 bits per sample (channel mask 0x3)
[2019.01.07-18.27.18:262][  0]LogInit: FAudioDevice initialized.
[2019.01.07-18.27.18:263][  0]LogNetVersion: Set ProjectVersion to 1.0.0.0. Version Checksum will be recalculated on next use.
[2019.01.07-18.27.18:671][  0]LogDerivedDataCache: Saved boot cache 0.41s 71MB C:/Users/User/AppData/Local/UnrealEngine/4.20/DerivedDataCache/Boot.ddc.
[2019.01.07-18.27.18:703][  0]LogInit: Texture streaming: Enabled
[2019.01.07-18.27.18:751][  0]LogEngineSessionManager: EngineSessionManager initialized
[2019.01.07-18.27.18:788][  0]LogInit: Transaction tracking system initialized
[2019.01.07-18.27.18:858][  0]BlueprintLog: New page: Editor Load
[2019.01.07-18.27.19:310][  0]LocalizationService: Localization service is disabled
[2019.01.07-18.27.20:183][  0]LogCook: Display: Max memory allowance for cook 16384mb min free memory 0mb
[2019.01.07-18.27.20:184][  0]LogCook: Display: Mobile HDR setting 1
[2019.01.07-18.27.20:184][  0]LogGameplayTags: Display: UGameplayTagsManager::DoneAddingNativeTags. DelegateIsBound: 0
[2019.01.07-18.27.20:184][  0]LogStats: UGameplayTagsManager::ConstructGameplayTagTree: ImportINI prefixes -  0.000 s
[2019.01.07-18.27.20:184][  0]LogStats: UGameplayTagsManager::ConstructGameplayTagTree: Construct from data asset -  0.000 s
[2019.01.07-18.27.20:185][  0]LogStats: UGameplayTagsManager::ConstructGameplayTagTree: ImportINI -  0.000 s
[2019.01.07-18.27.20:185][  0]LogStats: UGameplayTagsManager::ConstructGameplayTagTree: GameplayTagTreeChangedEvent.Broadcast -  0.000 s
[2019.01.07-18.27.20:218][  0]LogFileCache: Scanning file cache for directory 'C:/Users/User/Documents/Unreal Projects/AgarIO/Content/' took 0.06s
[2019.01.07-18.27.21:587][  0]Cmd: MAP LOAD FILE="../../../../../../Users/User/Documents/Unreal Projects/AgarIO/Content/TopDownBP/Maps/TopDownExampleMap.umap" TEMPLATE=0 SHOWPROGRESS=1 FEATURELEVEL=3
[2019.01.07-18.27.21:805][  0]LightingResults: New page: Lighting Build
[2019.01.07-18.27.21:815][  0]MapCheck: New page: Map Check
[2019.01.07-18.27.21:816][  0]LightingResults: New page: Lighting Build
[2019.01.07-18.27.26:615][  0]LogAIModule: Creating AISystem for world TopDownExampleMap
[2019.01.07-18.27.26:727][  0]LogEditorServer: Finished looking for orphan Actors (0.000 secs)
[2019.01.07-18.27.26:902][  0]Cmd: MAP CHECKDEP NOCLEARLOG
[2019.01.07-18.27.27:268][  0]MapCheck: Map check complete: 0 Error(s), 0 Warning(s), took 365,58ms to complete.
[2019.01.07-18.27.27:269][  0]LogFileHelpers: Loading map 'TopDownExampleMap' took 5.682
[2019.01.07-18.27.27:552][  0]LogSlate: Updating window title bar state: overlay mode, drag disabled, window buttons hidden, title bar hidden
[2019.01.07-18.27.27:578][  0]LogSlate: Updating window title bar state: overlay mode, drag disabled, window buttons hidden, title bar hidden
[2019.01.07-18.27.27:611][  0]LogSlate: Updating window title bar state: overlay mode, drag disabled, window buttons hidden, title bar hidden
[2019.01.07-18.27.27:636][  0]LogSlate: Updating window title bar state: overlay mode, drag disabled, window buttons hidden, title bar hidden
[2019.01.07-18.27.27:676][  0]LogCollectionManager: Loaded 0 collections in 0.014094 seconds
[2019.01.07-18.27.27:745][  0]LogFileCache: Scanning file cache for directory 'C:/Users/User/Documents/Unreal Projects/AgarIO/Saved/Collections/' took 0.01s
[2019.01.07-18.27.27:745][  0]LogFileCache: Scanning file cache for directory 'C:/Users/User/Documents/Unreal Projects/AgarIO/Content/Developers/User/Collections/' took 0.01s
[2019.01.07-18.27.27:745][  0]LogFileCache: Scanning file cache for directory 'C:/Users/User/Documents/Unreal Projects/AgarIO/Content/Collections/' took 0.01s
[2019.01.07-18.27.27:746][  0]LogCollectionManager: Rebuilt the GUID cache for 0 collections in 0.000001 seconds
[2019.01.07-18.27.27:774][  0]LogContentBrowser: Native class hierarchy populated in 0.0276 seconds. Added 2572 classes and 603 folders.
[2019.01.07-18.27.27:798][  0]LogContentBrowser: Native class hierarchy updated for 'WidgetCarousel' in 0.0010 seconds. Added 0 classes and 0 folders.
[2019.01.07-18.27.30:575][  0]LogContentBrowser: Native class hierarchy updated for 'AddContentDialog' in 0.0011 seconds. Added 0 classes and 0 folders.
[2019.01.07-18.27.30:594][  0]LogContentBrowser: Native class hierarchy updated for 'SceneOutliner' in 0.0006 seconds. Added 1 classes and 2 folders.
[2019.01.07-18.27.30:854][  0]LogSlate: Took 0.000536 seconds to synchronously load lazily loaded font '../../../Engine/Content/Slate/Fonts/Roboto-Regular.ttf' (155K)
[2019.01.07-18.27.30:860][  0]LogSlate: Took 0.000512 seconds to synchronously load lazily loaded font '../../../Engine/Content/Slate/Fonts/Roboto-Bold.ttf' (160K)
[2019.01.07-18.27.30:938][  0]LogSlate: Took 0.065622 seconds to synchronously load lazily loaded font '../../../Engine/Content/Editor/Slate/Fonts/FontAwesome.ttf' (139K)
[2019.01.07-18.27.31:098][  0]LogRenderer: Reallocating scene render targets to support 880x436 Format 10 NumSamples 1 (Frame:1).
[2019.01.07-18.27.31:327][  0]LogContentBrowser: Native class hierarchy updated for 'HierarchicalLODOutliner' in 0.0008 seconds. Added 0 classes and 0 folders.
[2019.01.07-18.27.31:327][  0]LogLoad: (Engine Initialization) Total time: 71.91 seconds
[2019.01.07-18.27.31:327][  0]LogLoad: (Engine Initialization) Total Blueprint compile time: 0.00 seconds
[2019.01.07-18.27.31:445][  0]LogContentStreaming: Texture pool size now 1000 MB
[2019.01.07-18.27.31:630][  0]LogSlate: Took 0.000403 seconds to synchronously load lazily loaded font '../../../Engine/Content/Slate/Fonts/Roboto-Light.ttf' (167K)
[2019.01.07-18.27.31:997][  3]LogAssetRegistry: Asset discovery search completed in 57.7293 seconds
[2019.01.07-18.27.32:001][  3]LogCollectionManager: Rebuilt the object cache for 0 collections in 0.000000 seconds (found 0 objects)
[2019.01.07-18.27.32:001][  3]LogCollectionManager: Fixed up redirectors for 0 collections in 0.000090 seconds (updated 0 objects)
[2019.01.07-18.27.32:986][  6]LogSlate: Took 0.000561 seconds to synchronously load lazily loaded font '../../../Engine/Content/Slate/Fonts/Roboto-Light.ttf' (167K)
[2019.01.07-18.28.26:430][503]LogSlate: FSceneViewport::OnFocusLost() reason 0
[2019.01.07-18.28.26:503][509]LogTemp: Repeating last play command: New Editor Window (PIE)
[2019.01.07-18.28.26:533][509]LogBlueprintUserMessages: Early PlayInEditor Detection: Level '/Game/TopDownBP/Maps/TopDownExampleMap.TopDownExampleMap:PersistentLevel' has LevelScriptBlueprint '/Game/TopDownBP/Maps/TopDownExampleMap.TopDownExampleMap:PersistentLevel.TopDownExampleMap' with GeneratedClass '/Game/TopDownBP/Maps/TopDownExampleMap.TopDownExampleMap_C' with ClassGeneratedBy '/Game/TopDownBP/Maps/TopDownExampleMap.TopDownExampleMap:PersistentLevel.TopDownExampleMap'
[2019.01.07-18.28.26:533][509]LogPlayLevel: PlayLevel: No blueprints needed recompiling
[2019.01.07-18.28.26:550][509]PIE: New page: PIE session: TopDownExampleMap (8 янв. 2019 г., 0:28:26)
[2019.01.07-18.28.26:550][509]LogPlayLevel: Creating play world package: /Game/TopDownBP/Maps/UEDPIE_1_TopDownExampleMap
[2019.01.07-18.28.26:583][509]LogPlayLevel: PIE: StaticDuplicateObject took: (0.032759s)
[2019.01.07-18.28.26:584][509]LogAIModule: Creating AISystem for world TopDownExampleMap
[2019.01.07-18.28.26:585][509]LogPlayLevel: PIE: World Init took: (0.002077s)
[2019.01.07-18.28.26:585][509]LogPlayLevel: PIE: Created PIE world by copying editor world from /Game/TopDownBP/Maps/TopDownExampleMap.TopDownExampleMap to /Game/TopDownBP/Maps/UEDPIE_1_TopDownExampleMap.TopDownExampleMap (0.035074s)
[2019.01.07-18.28.26:637][509]LogInit: XAudio2 using 'Динамики (Conexant SmartAudio HD)' : 2 channels at 48 kHz using 16 bits per sample (channel mask 0x3)
[2019.01.07-18.28.26:648][509]LogInit: FAudioDevice initialized.
[2019.01.07-18.28.26:662][509]LogSlate: Updating window title bar state: overlay mode, drag disabled, window buttons hidden, title bar hidden
[2019.01.07-18.28.26:775][509]LogLoad: Game class is 'NetworkGameMode_C'
[2019.01.07-18.28.26:778][509]LogWorld: Bringing World /Game/TopDownBP/Maps/UEDPIE_1_TopDownExampleMap.TopDownExampleMap up for play (max tick rate 0) at 2019.01.07-21.28.26
[2019.01.07-18.28.26:779][509]LogWorld: Bringing up level for play took: 0.001095
[2019.01.07-18.28.26:807][509]LogContentBrowser: Native class hierarchy updated for 'MovieSceneCapture' in 0.0003 seconds. Added 10 classes and 0 folders.
[2019.01.07-18.28.26:809][509]LogTemp: Display: ParseSettings for GameNetDriver
[2019.01.07-18.28.26:809][509]LogTemp: Display: ParseSettings for IpNetDriver_0
[2019.01.07-18.28.26:809][509]LogTemp: Display: ParseSettings for GameNetDriver
[2019.01.07-18.28.26:809][509]LogNet: ReplicationDriverClass is null! Not using ReplicationDriver.
[2019.01.07-18.28.26:809][509]LogInit: WinSock: Socket queue 131072 / 131072
[2019.01.07-18.28.26:813][509]LogInit: WinSock: I am DESKTOP-TRS5PGJ (192.168.0.5:0)
[2019.01.07-18.28.26:813][509]PacketHandlerLog: Loaded PacketHandler component: Engine.EngineHandlerComponentFactory (StatelessConnectHandlerComponent)
[2019.01.07-18.28.26:813][509]LogNet: GameNetDriver IpNetDriver_0 IpNetDriver listening on port 17777
[2019.01.07-18.28.26:818][509]PIE: Play in editor start time for /Game/TopDownBP/Maps/UEDPIE_1_TopDownExampleMap 0,133
[2019.01.07-18.28.26:821][509]PIE: New page: PIE session: TopDownExampleMap (8 янв. 2019 г., 0:28:26)
[2019.01.07-18.28.26:831][509]LogSlate: FSceneViewport::OnFocusLost() reason 2
[2019.01.07-18.28.26:837][509]LogSlate: Updating window title bar state: overlay mode, drag disabled, window buttons hidden, title bar hidden
[2019.01.07-18.28.26:933][509]LogNet: Browse: 127.0.0.1:17777//Game/TopDownBP/Maps/TopDownExampleMap
[2019.01.07-18.28.26:933][509]LogTemp: Display: ParseSettings for GameNetDriver
[2019.01.07-18.28.26:933][509]LogTemp: Display: ParseSettings for IpNetDriver_1
[2019.01.07-18.28.26:933][509]LogTemp: Display: ParseSettings for PendingNetDriver
[2019.01.07-18.28.26:933][509]LogInit: WinSock: Socket queue 32768 / 32768
[2019.01.07-18.28.26:934][509]PacketHandlerLog: Loaded PacketHandler component: Engine.EngineHandlerComponentFactory (StatelessConnectHandlerComponent)
[2019.01.07-18.28.26:934][509]LogNet: Game client on port 17777, rate 10000
[2019.01.07-18.28.26:937][509]PIE: Play in editor start time for /Game/TopDownBP/Maps/TopDownExampleMap 0,253
[2019.01.07-18.28.26:948][509]LogBlueprintUserMessages: Late PlayInEditor Detection: Level '/Game/TopDownBP/Maps/TopDownExampleMap.TopDownExampleMap:PersistentLevel' has LevelScriptBlueprint '/Game/TopDownBP/Maps/TopDownExampleMap.TopDownExampleMap:PersistentLevel.TopDownExampleMap' with GeneratedClass '/Game/TopDownBP/Maps/TopDownExampleMap.TopDownExampleMap_C' with ClassGeneratedBy '/Game/TopDownBP/Maps/TopDownExampleMap.TopDownExampleMap:PersistentLevel.TopDownExampleMap'
[2019.01.07-18.28.26:948][509]LogNet: NotifyAcceptingConnection accepted from: 127.0.0.1:64708
[2019.01.07-18.28.26:948][509]LogHandshake: SendConnectChallenge. Timestamp: 0.009070, Cookie: 112144007059028189192190068128001233216130160241176244002174
[2019.01.07-18.28.27:003][509]LogHandshake: SendChallengeResponse. Timestamp: 0.009070, Cookie: 112144007059028189192190068128001233216130160241176244002174
[2019.01.07-18.28.27:076][509]LogRenderer: Reallocating scene render targets to support 1024x576 Format 10 NumSamples 1 (Frame:1).
[2019.01.07-18.28.27:146][510]LogNet: NotifyAcceptingConnection accepted from: 127.0.0.1:64708
[2019.01.07-18.28.27:146][510]LogHandshake: SendChallengeAck. InCookie: 112144007059028189192190068128001233216130160241176244002174
[2019.01.07-18.28.27:146][510]LogNet: Server accepting post-challenge connection from: 127.0.0.1:64708
[2019.01.07-18.28.27:147][510]PacketHandlerLog: Loaded PacketHandler component: Engine.EngineHandlerComponentFactory (StatelessConnectHandlerComponent)
[2019.01.07-18.28.27:147][510]LogNet: NotifyAcceptedConnection: Name: TopDownExampleMap, TimeStamp: 01/07/19 21:28:27, [UNetConnection] RemoteAddr: 127.0.0.1:64708, Name: IpConnection_1, Driver: GameNetDriver IpNetDriver_0, IsServer: YES, PC: NULL, Owner: NULL, UniqueId: INVALID
[2019.01.07-18.28.27:147][510]LogNet: AddClientConnection: Added client connection: [UNetConnection] RemoteAddr: 127.0.0.1:64708, Name: IpConnection_1, Driver: GameNetDriver IpNetDriver_0, IsServer: YES, PC: NULL, Owner: NULL, UniqueId: INVALID
[2019.01.07-18.28.27:296][510]LogNetVersion: AgarIO 1.0.0.0, NetCL: 4212847, EngineNetVer: 5, GameNetVer: 0 (Checksum: 1799934769)
[2019.01.07-18.28.27:296][510]LogNet: UPendingNetGame::SendInitialJoin: Sending hello. [UNetConnection] RemoteAddr: 127.0.0.1:17777, Name: IpConnection_0, Driver: PendingNetDriver IpNetDriver_1, IsServer: NO, PC: NULL, Owner: NULL, UniqueId: INVALID
[2019.01.07-18.28.27:319][511]LogNet: NotifyAcceptingChannel Control 0 server World /Game/TopDownBP/Maps/UEDPIE_1_TopDownExampleMap.TopDownExampleMap: Accepted
[2019.01.07-18.28.27:320][511]LogNet: Remote platform little endian=1
[2019.01.07-18.28.27:320][511]LogNet: This platform little endian=1
[2019.01.07-18.28.27:379][512]LogNet: Login request: /Game/TopDownBP/Maps/TopDownExampleMap?Name=DESKTOP-TRS5PGJ-DFDC2427466708FB93414B995EE70324 userId: DESKTOP-TRS5PGJ-DFDC2427466708FB93414B995EE70324
[2019.01.07-18.28.27:381][512]LogNet: Welcomed by server (Level: /Game/TopDownBP/Maps/UEDPIE_1_TopDownExampleMap, Game: /Game/NetworkIO/NetworkGameMode.NetworkGameMode_C)
[2019.01.07-18.28.27:383][512]LogLoad: LoadMap: 127.0.0.1:17777//Game/TopDownBP/Maps/UEDPIE_1_TopDownExampleMap?game=/Game/NetworkIO/NetworkGameMode.NetworkGameMode_C
[2019.01.07-18.28.27:435][512]LogAIModule: Creating AISystem for world TopDownExampleMap
[2019.01.07-18.28.27:435][512]LogTemp: Display: ParseSettings for GameNetDriver
[2019.01.07-18.28.27:437][512]LogWorld: Bringing World /Game/TopDownBP/Maps/UEDPIE_2_TopDownExampleMap.TopDownExampleMap up for play (max tick rate 0) at 2019.01.07-21.28.27
[2019.01.07-18.28.27:437][512]LogWorld: Bringing up level for play took: 0.001823
[2019.01.07-18.28.27:438][512]LogLoad: Took 0.054969 seconds to LoadMap(/Game/TopDownBP/Maps/UEDPIE_1_TopDownExampleMap)
[2019.01.07-18.28.27:457][513]LogNet: Client netspeed is 10000
[2019.01.07-18.28.27:457][513]LogNet: Join request: /Game/TopDownBP/Maps/TopDownExampleMap?Name=DESKTOP-TRS5PGJ-DFDC2427466708FB93414B995EE70324?SplitscreenCount=1
[2019.01.07-18.28.27:458][513]LogOnline: Warning: OSS: No game present to join for session (GameSession)
[2019.01.07-18.28.27:461][513]LogNet: Join succeeded: DESKTOP-TRS5PGJ-DFDC
[2019.01.07-18.28.27:550][516]LogOnline: Warning: OSS: No game present to join for session (GameSession)
[2019.01.07-18.28.27:550][516]LogOnline: Warning: OSS: No game present to join for session (GameSession)
[2019.01.07-18.28.30:245][604]LogSlate: FSceneViewport::OnFocusLost() reason 2
[2019.01.07-18.28.30:247][604]LogBlueprintUserMessages: [ClientSide_Controller_C_0] Client 1: Mouse click
[2019.01.07-18.28.31:047][627]LogBlueprintUserMessages: [ClientSide_Controller_C_0] Client 1: Mouse click
[2019.01.07-18.28.31:318][637]LogBlueprintUserMessages: [ClientSide_Controller_C_0] Client 1: Mouse click
[2019.01.07-18.28.31:560][646]LogBlueprintUserMessages: [ClientSide_Controller_C_0] Client 1: Mouse click
[2019.01.07-18.28.32:049][662]LogBlueprintUserMessages: [ClientSide_Controller_C_0] Client 1: Mouse click
[2019.01.07-18.28.32:847][692]LogBlueprintUserMessages: [ClientSide_Controller_C_0] Client 1: Mouse click
[2019.01.07-18.28.34:365][750]LogSlate: FSceneViewport::OnFocusLost() reason 2
[2019.01.07-18.28.34:366][750]LogBlueprintUserMessages: [ClientSide_Controller_C_0] Server: Mouse click
[2019.01.07-18.28.35:083][777]LogBlueprintUserMessages: [ClientSide_Controller_C_0] Server: Mouse click
[2019.01.07-18.28.35:323][786]LogBlueprintUserMessages: [ClientSide_Controller_C_0] Server: Mouse click
[2019.01.07-18.28.35:797][804]LogBlueprintUserMessages: [ClientSide_Controller_C_0] Server: Mouse click
[2019.01.07-18.28.36:059][814]LogBlueprintUserMessages: [ClientSide_Controller_C_0] Server: Mouse click
[2019.01.07-18.28.37:940][886]LogSlate: FSceneViewport::OnFocusLost() reason 0
[2019.01.07-18.28.38:063][889]LogSlate: Window 'AgarIO Game Preview Server (64-bit/PCD3D_SM5)' being destroyed
[2019.01.07-18.28.38:077][889]LogOnline: Warning: OSS: No game present to leave for session (GameSession)
[2019.01.07-18.28.38:078][889]LogBlueprintUserMessages: Early EndPlayMap Detection: Level '/Game/TopDownBP/Maps/TopDownExampleMap.TopDownExampleMap:PersistentLevel' has LevelScriptBlueprint '/Game/TopDownBP/Maps/TopDownExampleMap.TopDownExampleMap:PersistentLevel.TopDownExampleMap' with GeneratedClass '/Game/TopDownBP/Maps/TopDownExampleMap.TopDownExampleMap_C' with ClassGeneratedBy '/Game/TopDownBP/Maps/TopDownExampleMap.TopDownExampleMap:PersistentLevel.TopDownExampleMap'
[2019.01.07-18.28.38:078][889]LogSlate: Updating window title bar state: overlay mode, drag disabled, window buttons hidden, title bar hidden
[2019.01.07-18.28.38:139][889]LogSlate: Window 'AgarIO Game Preview Client 1 (64-bit/PCD3D_SM5)' being destroyed
[2019.01.07-18.28.38:214][889]LogPlayLevel: Display: Shutting down PIE online subsystems
[2019.01.07-18.28.38:215][889]LogBlueprintUserMessages: Late EndPlayMap Detection: Level '/Game/TopDownBP/Maps/TopDownExampleMap.TopDownExampleMap:PersistentLevel' has LevelScriptBlueprint '/Game/TopDownBP/Maps/TopDownExampleMap.TopDownExampleMap:PersistentLevel.TopDownExampleMap' with GeneratedClass '/Game/TopDownBP/Maps/TopDownExampleMap.TopDownExampleMap_C' with ClassGeneratedBy '/Game/TopDownBP/Maps/TopDownExampleMap.TopDownExampleMap:PersistentLevel.TopDownExampleMap'
[2019.01.07-18.28.38:248][889]LogNet: UChannel::CleanUp: ChIndex == 0. Closing connection. [UChannel] ChIndex: 0, Closing: 0 [UNetConnection] RemoteAddr: 127.0.0.1:64708, Name: IpConnection_1, Driver: GameNetDriver IpNetDriver_0, IsServer: YES, PC: None, Owner: None, UniqueId: NULL:DESKTOP-TRS5PGJ-DFDC2427466708FB93414B995EE70324
[2019.01.07-18.28.38:248][889]LogNet: UNetConnection::Close: [UNetConnection] RemoteAddr: 127.0.0.1:64708, Name: IpConnection_1, Driver: GameNetDriver IpNetDriver_0, IsServer: YES, PC: None, Owner: None, UniqueId: NULL:DESKTOP-TRS5PGJ-DFDC2427466708FB93414B995EE70324, Channels: 2, Time: 2019.01.07-18.28.38
[2019.01.07-18.28.38:248][889]LogNet: UChannel::Close: Sending CloseBunch. ChIndex == 0. Name: [UChannel] ChIndex: 0, Closing: 0 [UNetConnection] RemoteAddr: 127.0.0.1:64708, Name: IpConnection_1, Driver: GameNetDriver IpNetDriver_0, IsServer: YES, PC: None, Owner: None, UniqueId: NULL:DESKTOP-TRS5PGJ-DFDC2427466708FB93414B995EE70324
[2019.01.07-18.28.38:248][889]LogNet: UChannel::CleanUp: ChIndex == 0. Closing connection. [UChannel] ChIndex: 0, Closing: 0 [UNetConnection] RemoteAddr: 127.0.0.1:17777, Name: IpConnection_0, Driver: GameNetDriver IpNetDriver_1, IsServer: NO, PC: None, Owner: None, UniqueId: NULL:DESKTOP-TRS5PGJ-DFDC2427466708FB93414B995EE70324
[2019.01.07-18.28.38:248][889]LogNet: UNetConnection::Close: [UNetConnection] RemoteAddr: 127.0.0.1:17777, Name: IpConnection_0, Driver: GameNetDriver IpNetDriver_1, IsServer: NO, PC: None, Owner: None, UniqueId: NULL:DESKTOP-TRS5PGJ-DFDC2427466708FB93414B995EE70324, Channels: 2, Time: 2019.01.07-18.28.38
[2019.01.07-18.28.38:248][889]LogNet: UChannel::Close: Sending CloseBunch. ChIndex == 0. Name: [UChannel] ChIndex: 0, Closing: 0 [UNetConnection] RemoteAddr: 127.0.0.1:17777, Name: IpConnection_0, Driver: GameNetDriver IpNetDriver_1, IsServer: NO, PC: None, Owner: None, UniqueId: NULL:DESKTOP-TRS5PGJ-DFDC2427466708FB93414B995EE70324
[2019.01.07-18.28.38:254][889]LogExit: GameNetDriver None shut down
[2019.01.07-18.28.38:254][889]LogExit: GameNetDriver None shut down
[2019.01.07-18.28.38:273][890]LogPlayLevel: Display: Destroying online subsystem :Context_4
[2019.01.07-18.28.38:273][890]LogPlayLevel: Display: Destroying online subsystem :Context_3
[2019.01.07-18.28.53:475][754]SourceControl: Source control is disabled
[2019.01.07-18.28.53:476][754]LogSlate: Window 'Source Control Login' being destroyed
[2019.01.07-18.29.28:910][662]LogSlate: Window 'Source Control Login' being destroyed
[2019.01.07-18.29.49:212][594]SourceControl: Source control is disabled
[2019.01.07-18.29.49:212][594]LogSlate: Window 'Source Control Login' being destroyed
[2019.01.07-18.30.16:667][ 14]LogSourceControl: Warning: '../../../../../../Users/User/Documents/Unreal Projects/AgarIO/' is not part of a Git repository
[2019.01.07-18.33.56:090][846]SourceControl: Error: warning: LF will be replaced by CRLF in .gitignore.
[2019.01.07-18.33.56:091][846]SourceControl: Error: The file will have its original line endings in your working directory.
[2019.01.07-18.34.11:198][891]LogSourceControl: commit successful: [master (root-commit) bd96771] Initial commit
[2019.01.07-18.34.11:198][891]SourceControl: [master (root-commit) bd96771] Initial commit
[2019.01.07-18.34.11:198][891]SourceControl:  323 files changed, 208 insertions(+)
[2019.01.07-18.34.11:198][891]SourceControl:  create mode 100644 .gitignore
[2019.01.07-18.34.11:198][891]SourceControl:  create mode 100644 AgarIO.uproject
[2019.01.07-18.34.11:198][891]SourceControl:  create mode 100644 Config/DefaultEditor.ini
[2019.01.07-18.34.11:198][891]SourceControl:  create mode 100644 Config/DefaultEditorPerProjectUserSettings.ini
[2019.01.07-18.34.11:198][891]SourceControl:  create mode 100644 Config/DefaultEngine.ini
[2019.01.07-18.34.11:198][891]SourceControl:  create mode 100644 Config/DefaultGame.ini
[2019.01.07-18.34.11:198][891]SourceControl:  create mode 100644 Config/DefaultInput.ini
[2019.01.07-18.34.11:198][891]SourceControl:  create mode 100644 Content/Agar.umap
[2019.01.07-18.34.11:198][891]SourceControl:  create mode 100644 Content/Agar_BuiltData.uasset
[2019.01.07-18.34.11:198][891]SourceControl:  create mode 100644 Content/Geometry/Meshes/1M_Cube.uasset
[2019.01.07-18.34.11:198][891]SourceControl:  create mode 100644 Content/Geometry/Meshes/1M_Cube_Chamfer.uasset
[2019.01.07-18.34.11:198][891]SourceControl:  create mode 100644 Content/Geometry/Meshes/CubeMaterial.uasset
[2019.01.07-18.34.11:198][891]SourceControl:  create mode 100644 Content/Geometry/Meshes/TemplateFloor.uasset
[2019.01.07-18.34.11:198][891]SourceControl:  create mode 100644 Content/Mannequin/Animations/ThirdPersonIdle.uasset
[2019.01.07-18.34.11:198][891]SourceControl:  create mode 100644 Content/Mannequin/Animations/ThirdPersonJump_End.uasset
[2019.01.07-18.34.11:198][891]SourceControl:  create mode 100644 Content/Mannequin/Animations/ThirdPersonJump_Loop.uasset
[2019.01.07-18.34.11:198][891]SourceControl:  create mode 100644 Content/Mannequin/Animations/ThirdPersonJump_Start.uasset
[2019.01.07-18.34.11:198][891]SourceControl:  create mode 100644 Content/Mannequin/Animations/ThirdPersonRun.uasset
[2019.01.07-18.34.11:198][891]SourceControl:  create mode 100644 Content/Mannequin/Animations/ThirdPersonWalk.uasset
[2019.01.07-18.34.11:199][891]SourceControl:  create mode 100644 Content/Mannequin/Animations/ThirdPerson_AnimBP.uasset
[2019.01.07-18.34.11:199][891]SourceControl:  create mode 100644 Content/Mannequin/Animations/ThirdPerson_IdleRun_2D.uasset
[2019.01.07-18.34.11:199][891]SourceControl:  create mode 100644 Content/Mannequin/Animations/ThirdPerson_Jump.uasset
[2019.01.07-18.34.11:199][891]SourceControl:  create mode 100644 Content/Mannequin/Character/Materials/M_UE4Man_Body.uasset
[2019.01.07-18.34.11:199][891]SourceControl:  create mode 100644 Content/Mannequin/Character/Materials/M_UE4Man_ChestLogo.uasset
[2019.01.07-18.34.11:199][891]SourceControl:  create mode 100644 Content/Mannequin/Character/Materials/MaterialLayers/ML_GlossyBlack_Latex_UE4.uasset
[2019.01.07-18.34.11:199][891]SourceControl:  create mode 100644 Content/Mannequin/Character/Materials/MaterialLayers/ML_Plastic_Shiny_Beige.uasset
[2019.01.07-18.34.11:199][891]SourceControl:  create mode 100644 Content/Mannequin/Character/Materials/MaterialLayers/ML_Plastic_Shiny_Beige_LOGO.uasset
[2019.01.07-18.34.11:199][891]SourceControl:  create mode 100644 Content/Mannequin/Character/Materials/MaterialLayers/ML_SoftMetal_UE4.uasset
[2019.01.07-18.34.11:199][891]SourceControl:  create mode 100644 Content/Mannequin/Character/Materials/MaterialLayers/T_ML_Aluminum01.uasset
[2019.01.07-18.34.11:199][891]SourceControl:  create mode 100644 Content/Mannequin/Character/Materials/MaterialLayers/T_ML_Aluminum01_N.uasset
[2019.01.07-18.34.11:199][891]SourceControl:  create mode 100644 Content/Mannequin/Character/Materials/MaterialLayers/T_ML_Rubber_Blue_01_D.uasset
[2019.01.07-18.34.11:199][891]SourceControl:  create mode 100644 Content/Mannequin/Character/Materials/MaterialLayers/T_ML_Rubber_Blue_01_N.uasset
[2019.01.07-18.34.11:199][891]SourceControl:  create mode 100644 Content/Mannequin/Character/Mesh/SK_Mannequin.uasset
[2019.01.07-18.34.11:199][891]SourceControl:  create mode 100644 Content/Mannequin/Character/Mesh/SK_Mannequin_PhysicsAsset.uasset
[2019.01.07-18.34.11:199][891]SourceControl:  create mode 100644 Content/Mannequin/Character/Mesh/UE4_Mannequin_Skeleton.uasset
[2019.01.07-18.34.11:199][891]SourceControl:  create mode 100644 Content/Mannequin/Character/Textures/UE4Man_Logo_N.uasset
[2019.01.07-18.34.11:199][891]SourceControl:  create mode 100644 Content/Mannequin/Character/Textures/UE4_LOGO_CARD.uasset
[2019.01.07-18.34.11:199][891]SourceControl:  create mode 100644 Content/Mannequin/Character/Textures/UE4_Mannequin_MAT_MASKA.uasset
[2019.01.07-18.34.11:199][891]SourceControl:  create mode 100644 Content/Mannequin/Character/Textures/UE4_Mannequin__normals.uasset
[2019.01.07-18.34.11:199][891]SourceControl:  create mode 100644 Content/NetworkIO/ClientSide_Controller.uasset
[2019.01.07-18.34.11:199][891]SourceControl:  create mode 100644 Content/NetworkIO/ClientSide_Pawn.uasset
[2019.01.07-18.34.11:199][891]SourceControl:  create mode 100644 Content/NetworkIO/NetworkGameMode.uasset
[2019.01.07-18.34.11:199][891]SourceControl:  create mode 100644 Content/NetworkIO/NetworkPlayerState.uasset
[2019.01.07-18.34.11:199][891]SourceControl:  create mode 100644 Content/NetworkIO/ServerSide_Character.uasset
[2019.01.07-18.34.11:199][891]SourceControl:  create mode 100644 Content/NetworkIO/ServerSide_Controller.uasset
[2019.01.07-18.34.11:199][891]SourceControl:  create mode 100644 Content/StarterContent/Architecture/Floor_400x400.uasset
[2019.01.07-18.34.11:199][891]SourceControl:  create mode 100644 Content/StarterContent/Architecture/Pillar_50x500.uasset
[2019.01.07-18.34.11:199][891]SourceControl:  create mode 100644 Content/StarterContent/Architecture/SM_AssetPlatform.uasset
[2019.01.07-18.34.11:200][891]SourceControl:  create mode 100644 Content/StarterContent/Architecture/Wall_400x200.uasset
[2019.01.07-18.34.11:200][891]SourceControl:  create mode 100644 Content/StarterContent/Architecture/Wall_400x300.uasset
[2019.01.07-18.34.11:200][891]SourceControl:  create mode 100644 Content/StarterContent/Architecture/Wall_400x400.uasset
[2019.01.07-18.34.11:200][891]SourceControl:  create mode 100644 Content/StarterContent/Architecture/Wall_500x500.uasset
[2019.01.07-18.34.11:200][891]SourceControl:  create mode 100644 Content/StarterContent/Architecture/Wall_Door_400x300.uasset
[2019.01.07-18.34.11:200][891]SourceControl:  create mode 100644 Content/StarterContent/Architecture/Wall_Door_400x400.uasset
[2019.01.07-18.34.11:200][891]SourceControl:  create mode 100644 Content/StarterContent/Architecture/Wall_Window_400x300.uasset
[2019.01.07-18.34.11:200][891]SourceControl:  create mode 100644 Content/StarterContent/Architecture/Wall_Window_400x400.uasset
[2019.01.07-18.34.11:200][891]SourceControl:  create mode 100644 Content/StarterContent/Audio/Collapse01.uasset
[2019.01.07-18.34.11:200][891]SourceControl:  create mode 100644 Content/StarterContent/Audio/Collapse02.uasset
[2019.01.07-18.34.11:200][891]SourceControl:  create mode 100644 Content/StarterContent/Audio/Collapse_Cue.uasset
[2019.01.07-18.34.11:200][891]SourceControl:  create mode 100644 Content/StarterContent/Audio/Explosion01.uasset
[2019.01.07-18.34.11:200][891]SourceControl:  create mode 100644 Content/StarterContent/Audio/Explosion02.uasset
[2019.01.07-18.34.11:200][891]SourceControl:  create mode 100644 Content/StarterContent/Audio/Explosion_Cue.uasset
[2019.01.07-18.34.11:200][891]SourceControl:  create mode 100644 Content/StarterContent/Audio/Fire01.uasset
[2019.01.07-18.34.11:200][891]SourceControl:  create mode 100644 Content/StarterContent/Audio/Fire01_Cue.uasset
[2019.01.07-18.34.11:200][891]SourceControl:  create mode 100644 Content/StarterContent/Audio/Fire_Sparks01.uasset
[2019.01.07-18.34.11:200][891]SourceControl:  create mode 100644 Content/StarterContent/Audio/Fire_Sparks01_Cue.uasset
[2019.01.07-18.34.11:200][891]SourceControl:  create mode 100644 Content/StarterContent/Audio/Light01.uasset
[2019.01.07-18.34.11:200][891]SourceControl:  create mode 100644 Content/StarterContent/Audio/Light01_Cue.uasset
[2019.01.07-18.34.11:200][891]SourceControl:  create mode 100644 Content/StarterContent/Audio/Light02.uasset
[2019.01.07-18.34.11:200][891]SourceControl:  create mode 100644 Content/StarterContent/Audio/Light02_Cue.uasset
[2019.01.07-18.34.11:200][891]SourceControl:  create mode 100644 Content/StarterContent/Audio/Smoke01.uasset
[2019.01.07-18.34.11:200][891]SourceControl:  create mode 100644 Content/StarterContent/Audio/Smoke01_Cue.uasset
[2019.01.07-18.34.11:201][891]SourceControl:  create mode 100644 Content/StarterContent/Audio/Starter_Background_Cue.uasset
[2019.01.07-18.34.11:201][891]SourceControl:  create mode 100644 Content/StarterContent/Audio/Starter_Birds01.uasset
[2019.01.07-18.34.11:201][891]SourceControl:  create mode 100644 Content/StarterContent/Audio/Starter_Music01.uasset
[2019.01.07-18.34.11:201][891]SourceControl:  create mode 100644 Content/StarterContent/Audio/Starter_Music_Cue.uasset
[2019.01.07-18.34.11:201][891]SourceControl:  create mode 100644 Content/StarterContent/Audio/Starter_Wind05.uasset
[2019.01.07-18.34.11:201][891]SourceControl:  create mode 100644 Content/StarterContent/Audio/Starter_Wind06.uasset
[2019.01.07-18.34.11:201][891]SourceControl:  create mode 100644 Content/StarterContent/Audio/Steam01.uasset
[2019.01.07-18.34.11:201][891]SourceControl:  create mode 100644 Content/StarterContent/Audio/Steam01_Cue.uasset
[2019.01.07-18.34.11:201][891]SourceControl:  create mode 100644 Content/StarterContent/Blueprints/Assets/FogBrightnessLUT.uasset
[2019.01.07-18.34.11:201][891]SourceControl:  create mode 100644 Content/StarterContent/Blueprints/Assets/M_LightStage_Arrows.uasset
[2019.01.07-18.34.11:201][891]SourceControl:  create mode 100644 Content/StarterContent/Blueprints/Assets/M_LightStage_Skybox_Black.uasset
[2019.01.07-18.34.11:201][891]SourceControl:  create mode 100644 Content/StarterContent/Blueprints/Assets/M_LightStage_Skybox_HDRI.uasset
[2019.01.07-18.34.11:201][891]SourceControl:  create mode 100644 Content/StarterContent/Blueprints/Assets/M_LightStage_Skybox_Master.uasset
[2019.01.07-18.34.11:201][891]SourceControl:  create mode 100644 Content/StarterContent/Blueprints/Assets/SM_Arrows.uasset
[2019.01.07-18.34.11:201][891]SourceControl:  create mode 100644 Content/StarterContent/Blueprints/Assets/Skybox.uasset
[2019.01.07-18.34.11:201][891]SourceControl:  create mode 100644 Content/StarterContent/Blueprints/Assets/SunlightColorLUT.uasset
[2019.01.07-18.34.11:201][891]SourceControl:  create mode 100644 Content/StarterContent/Blueprints/BP_LightStudio.uasset
[2019.01.07-18.34.11:201][891]SourceControl:  create mode 100644 Content/StarterContent/Blueprints/Blueprint_CeilingLight.uasset
[2019.01.07-18.34.11:201][891]SourceControl:  create mode 100644 Content/StarterContent/Blueprints/Blueprint_Effect_Explosion.uasset
[2019.01.07-18.34.11:201][891]SourceControl:  create mode 100644 Content/StarterContent/Blueprints/Blueprint_Effect_Fire.uasset
[2019.01.07-18.34.11:201][891]SourceControl:  create mode 100644 Content/StarterContent/Blueprints/Blueprint_Effect_Smoke.uasset
[2019.01.07-18.34.11:201][891]SourceControl:  create mode 100644 Content/StarterContent/Blueprints/Blueprint_Effect_Sparks.uasset
[2019.01.07-18.34.11:201][891]SourceControl:  create mode 100644 Content/StarterContent/Blueprints/Blueprint_Effect_Steam.uasset
[2019.01.07-18.34.11:201][891]SourceControl:  create mode 100644 Content/StarterContent/Blueprints/Blueprint_WallSconce.uasset
[2019.01.07-18.34.11:201][891]SourceControl:  create mode 100644 Content/StarterContent/HDRI/HDRI_Epic_Courtyard_Daylight.uasset
[2019.01.07-18.34.11:201][891]SourceControl:  create mode 100644 Content/StarterContent/Maps/Advanced_Lighting.umap
[2019.01.07-18.34.11:201][891]SourceControl:  create mode 100644 Content/StarterContent/Maps/Advanced_Lighting_BuiltData.uasset
[2019.01.07-18.34.11:201][891]SourceControl:  create mode 100644 Content/StarterContent/Maps/Minimal_Default.umap
[2019.01.07-18.34.11:202][891]SourceControl:  create mode 100644 Content/StarterContent/Maps/Minimal_Default_BuiltData.uasset
[2019.01.07-18.34.11:202][891]SourceControl:  create mode 100644 Content/StarterContent/Maps/StarterMap.umap
[2019.01.07-18.34.11:202][891]SourceControl:  create mode 100644 Content/StarterContent/Maps/StarterMap_BuiltData.uasset
[2019.01.07-18.34.11:202][891]SourceControl:  create mode 100644 Content/StarterContent/Materials/M_AssetPlatform.uasset
[2019.01.07-18.34.11:202][891]SourceControl:  create mode 100644 Content/StarterContent/Materials/M_Basic_Floor.uasset
[2019.01.07-18.34.11:202][891]SourceControl:  create mode 100644 Content/StarterContent/Materials/M_Basic_Wall.uasset
[2019.01.07-18.34.11:202][891]SourceControl:  create mode 100644 Content/StarterContent/Materials/M_Brick_Clay_Beveled.uasset
[2019.01.07-18.34.11:202][891]SourceControl:  create mode 100644 Content/StarterContent/Materials/M_Brick_Clay_New.uasset
[2019.01.07-18.34.11:202][891]SourceControl:  create mode 100644 Content/StarterContent/Materials/M_Brick_Clay_Old.uasset
[2019.01.07-18.34.11:202][891]SourceControl:  create mode 100644 Content/StarterContent/Materials/M_Brick_Cut_Stone.uasset
[2019.01.07-18.34.11:202][891]SourceControl:  create mode 100644 Content/StarterContent/Materials/M_Brick_Hewn_Stone.uasset
[2019.01.07-18.34.11:202][891]SourceControl:  create mode 100644 Content/StarterContent/Materials/M_Ceramic_Tile_Checker.uasset
[2019.01.07-18.34.11:202][891]SourceControl:  create mode 100644 Content/StarterContent/Materials/M_CobbleStone_Pebble.uasset
[2019.01.07-18.34.11:202][891]SourceControl:  create mode 100644 Content/StarterContent/Materials/M_CobbleStone_Rough.uasset
[2019.01.07-18.34.11:202][891]SourceControl:  create mode 100644 Content/StarterContent/Materials/M_CobbleStone_Smooth.uasset
[2019.01.07-18.34.11:202][891]SourceControl:  create mode 100644 Content/StarterContent/Materials/M_ColorGrid_LowSpec.uasset
[2019.01.07-18.34.11:202][891]SourceControl:  create mode 100644 Content/StarterContent/Materials/M_Concrete_Grime.uasset
[2019.01.07-18.34.11:202][891]SourceControl:  create mode 100644 Content/StarterContent/Materials/M_Concrete_Panels.uasset
[2019.01.07-18.34.11:202][891]SourceControl:  create mode 100644 Content/StarterContent/Materials/M_Concrete_Poured.uasset
[2019.01.07-18.34.11:202][891]SourceControl:  create mode 100644 Content/StarterContent/Materials/M_Concrete_Tiles.uasset
[2019.01.07-18.34.11:202][891]SourceControl:  create mode 100644 Content/StarterContent/Materials/M_Glass.uasset
[2019.01.07-18.34.11:202][891]SourceControl:  create mode 100644 Content/StarterContent/Materials/M_Ground_Grass.uasset
[2019.01.07-18.34.11:202][891]SourceControl:  create mode 100644 Content/StarterContent/Materials/M_Ground_Gravel.uasset
[2019.01.07-18.34.11:202][891]SourceControl:  create mode 100644 Content/StarterContent/Materials/M_Ground_Moss.uasset
[2019.01.07-18.34.11:202][891]SourceControl:  create mode 100644 Content/StarterContent/Materials/M_Metal_Brushed_Nickel.uasset
[2019.01.07-18.34.11:202][891]SourceControl:  create mode 100644 Content/StarterContent/Materials/M_Metal_Burnished_Steel.uasset
[2019.01.07-18.34.11:202][891]SourceControl:  create mode 100644 Content/StarterContent/Materials/M_Metal_Chrome.uasset
[2019.01.07-18.34.11:202][891]SourceControl:  create mode 100644 Content/StarterContent/Materials/M_Metal_Copper.uasset
[2019.01.07-18.34.11:203][891]SourceControl:  create mode 100644 Content/StarterContent/Materials/M_Metal_Gold.uasset
[2019.01.07-18.34.11:203][891]SourceControl:  create mode 100644 Content/StarterContent/Materials/M_Metal_Rust.uasset
[2019.01.07-18.34.11:203][891]SourceControl:  create mode 100644 Content/StarterContent/Materials/M_Metal_Steel.uasset
[2019.01.07-18.34.11:203][891]SourceControl:  create mode 100644 Content/StarterContent/Materials/M_Rock_Basalt.uasset
[2019.01.07-18.34.11:203][891]SourceControl:  create mode 100644 Content/StarterContent/Materials/M_Rock_Marble_Polished.uasset
[2019.01.07-18.34.11:203][891]SourceControl:  create mode 100644 Content/StarterContent/Materials/M_Rock_Sandstone.uasset
[2019.01.07-18.34.11:203][891]SourceControl:  create mode 100644 Content/StarterContent/Materials/M_Rock_Slate.uasset
[2019.01.07-18.34.11:203][891]SourceControl:  create mode 100644 Content/StarterContent/Materials/M_Tech_Checker_Dot.uasset
[2019.01.07-18.34.11:203][891]SourceControl:  create mode 100644 Content/StarterContent/Materials/M_Tech_Hex_Tile.uasset
[2019.01.07-18.34.11:203][891]SourceControl:  create mode 100644 Content/StarterContent/Materials/M_Tech_Hex_Tile_Pulse.uasset
[2019.01.07-18.34.11:203][891]SourceControl:  create mode 100644 Content/StarterContent/Materials/M_Tech_Panel.uasset
[2019.01.07-18.34.11:203][891]SourceControl:  create mode 100644 Content/StarterContent/Materials/M_Water_Lake.uasset
[2019.01.07-18.34.11:203][891]SourceControl:  create mode 100644 Content/StarterContent/Materials/M_Water_Ocean.uasset
[2019.01.07-18.34.11:203][891]SourceControl:  create mode 100644 Content/StarterContent/Materials/M_Wood_Floor_Walnut_Polished.uasset
[2019.01.07-18.34.11:203][891]SourceControl:  create mode 100644 Content/StarterContent/Materials/M_Wood_Floor_Walnut_Worn.uasset
[2019.01.07-18.34.11:203][891]SourceControl:  create mode 100644 Content/StarterContent/Materials/M_Wood_Oak.uasset
[2019.01.07-18.34.11:203][891]SourceControl:  create mode 100644 Content/StarterContent/Materials/M_Wood_Pine.uasset
[2019.01.07-18.34.11:203][891]SourceControl:  create mode 100644 Content/StarterContent/Materials/M_Wood_Walnut.uasset
[2019.01.07-18.34.11:203][891]SourceControl:  create mode 100644 Content/StarterContent/Particles/Materials/M_Burst.uasset
[2019.01.07-18.34.11:203][891]SourceControl:  create mode 100644 Content/StarterContent/Particles/Materials/M_Dust_Particle.uasset
[2019.01.07-18.34.11:203][891]SourceControl:  create mode 100644 Content/StarterContent/Particles/Materials/M_Fire_SubUV.uasset
[2019.01.07-18.34.11:203][891]SourceControl:  create mode 100644 Content/StarterContent/Particles/Materials/M_Heat_Distortion.uasset
[2019.01.07-18.34.11:203][891]SourceControl:  create mode 100644 Content/StarterContent/Particles/Materials/M_Radial_Gradient.uasset
[2019.01.07-18.34.11:203][891]SourceControl:  create mode 100644 Content/StarterContent/Particles/Materials/M_Spark.uasset
[2019.01.07-18.34.11:203][891]SourceControl:  create mode 100644 Content/StarterContent/Particles/Materials/M_explosion_subUV.uasset
[2019.01.07-18.34.11:203][891]SourceControl:  create mode 100644 Content/StarterContent/Particles/Materials/M_radial_ramp.uasset
[2019.01.07-18.34.11:203][891]SourceControl:  create mode 100644 Content/StarterContent/Particles/Materials/M_smoke_subUV.uasset
[2019.01.07-18.34.11:203][891]SourceControl:  create mode 100644 Content/StarterContent/Particles/Materials/m_flare_01.uasset
[2019.01.07-18.34.11:203][891]SourceControl:  create mode 100644 Content/StarterContent/Particles/P_Ambient_Dust.uasset
[2019.01.07-18.34.11:204][891]SourceControl:  create mode 100644 Content/StarterContent/Particles/P_Explosion.uasset
[2019.01.07-18.34.11:204][891]SourceControl:  create mode 100644 Content/StarterContent/Particles/P_Fire.uasset
[2019.01.07-18.34.11:204][891]SourceControl:  create mode 100644 Content/StarterContent/Particles/P_Smoke.uasset
[2019.01.07-18.34.11:204][891]SourceControl:  create mode 100644 Content/StarterContent/Particles/P_Sparks.uasset
[2019.01.07-18.34.11:204][891]SourceControl:  create mode 100644 Content/StarterContent/Particles/P_Steam_Lit.uasset
[2019.01.07-18.34.11:204][891]SourceControl:  create mode 100644 Content/StarterContent/Props/MaterialSphere.uasset
[2019.01.07-18.34.11:204][891]SourceControl:  create mode 100644 Content/StarterContent/Props/Materials/M_Bush.uasset
[2019.01.07-18.34.11:204][891]SourceControl:  create mode 100644 Content/StarterContent/Props/Materials/M_Chair.uasset
[2019.01.07-18.34.11:204][891]SourceControl:  create mode 100644 Content/StarterContent/Props/Materials/M_Door.uasset
[2019.01.07-18.34.11:204][891]SourceControl:  create mode 100644 Content/StarterContent/Props/Materials/M_Frame.uasset
[2019.01.07-18.34.11:204][891]SourceControl:  create mode 100644 Content/StarterContent/Props/Materials/M_Lamp.uasset
[2019.01.07-18.34.11:204][891]SourceControl:  create mode 100644 Content/StarterContent/Props/Materials/M_MaterialSphere.uasset
[2019.01.07-18.34.11:204][891]SourceControl:  create mode 100644 Content/StarterContent/Props/Materials/M_MaterialSphere_Plain.uasset
[2019.01.07-18.34.11:204][891]SourceControl:  create mode 100644 Content/StarterContent/Props/Materials/M_Rock.uasset
[2019.01.07-18.34.11:204][891]SourceControl:  create mode 100644 Content/StarterContent/Props/Materials/M_Shelf.uasset
[2019.01.07-18.34.11:204][891]SourceControl:  create mode 100644 Content/StarterContent/Props/Materials/M_Statue.uasset
[2019.01.07-18.34.11:204][891]SourceControl:  create mode 100644 Content/StarterContent/Props/Materials/M_StatueGlass.uasset
[2019.01.07-18.34.11:204][891]SourceControl:  create mode 100644 Content/StarterContent/Props/Materials/M_TableRound.uasset
[2019.01.07-18.34.11:204][891]SourceControl:  create mode 100644 Content/StarterContent/Props/SM_Bush.uasset
[2019.01.07-18.34.11:204][891]SourceControl:  create mode 100644 Content/StarterContent/Props/SM_Chair.uasset
[2019.01.07-18.34.11:204][891]SourceControl:  create mode 100644 Content/StarterContent/Props/SM_CornerFrame.uasset
[2019.01.07-18.34.11:204][891]SourceControl:  create mode 100644 Content/StarterContent/Props/SM_Couch.uasset
[2019.01.07-18.34.11:204][891]SourceControl:  create mode 100644 Content/StarterContent/Props/SM_Door.uasset
[2019.01.07-18.34.11:204][891]SourceControl:  create mode 100644 Content/StarterContent/Props/SM_DoorFrame.uasset
[2019.01.07-18.34.11:204][891]SourceControl:  create mode 100644 Content/StarterContent/Props/SM_GlassWindow.uasset
[2019.01.07-18.34.11:204][891]SourceControl:  create mode 100644 Content/StarterContent/Props/SM_Lamp_Ceiling.uasset
[2019.01.07-18.34.11:204][891]SourceControl:  create mode 100644 Content/StarterContent/Props/SM_Lamp_Wall.uasset
[2019.01.07-18.34.11:204][891]SourceControl:  create mode 100644 Content/StarterContent/Props/SM_MatPreviewMesh_02.uasset
[2019.01.07-18.34.11:204][891]SourceControl:  create mode 100644 Content/StarterContent/Props/SM_PillarFrame.uasset
[2019.01.07-18.34.11:205][891]SourceControl:  create mode 100644 Content/StarterContent/Props/SM_PillarFrame300.uasset
[2019.01.07-18.34.11:205][891]SourceControl:  create mode 100644 Content/StarterContent/Props/SM_Rock.uasset
[2019.01.07-18.34.11:205][891]SourceControl:  create mode 100644 Content/StarterContent/Props/SM_Shelf.uasset
[2019.01.07-18.34.11:205][891]SourceControl:  create mode 100644 Content/StarterContent/Props/SM_Stairs.uasset
[2019.01.07-18.34.11:205][891]SourceControl:  create mode 100644 Content/StarterContent/Props/SM_Statue.uasset
[2019.01.07-18.34.11:205][891]SourceControl:  create mode 100644 Content/StarterContent/Props/SM_TableRound.uasset
[2019.01.07-18.34.11:205][891]SourceControl:  create mode 100644 Content/StarterContent/Props/SM_WindowFrame.uasset
[2019.01.07-18.34.11:205][891]SourceControl:  create mode 100644 Content/StarterContent/Shapes/Shape_Cone.uasset
[2019.01.07-18.34.11:205][891]SourceControl:  create mode 100644 Content/StarterContent/Shapes/Shape_Cube.uasset
[2019.01.07-18.34.11:205][891]SourceControl:  create mode 100644 Content/StarterContent/Shapes/Shape_Cylinder.uasset
[2019.01.07-18.34.11:205][891]SourceControl:  create mode 100644 Content/StarterContent/Shapes/Shape_NarrowCapsule.uasset
[2019.01.07-18.34.11:205][891]SourceControl:  create mode 100644 Content/StarterContent/Shapes/Shape_Pipe.uasset
[2019.01.07-18.34.11:205][891]SourceControl:  create mode 100644 Content/StarterContent/Shapes/Shape_Pipe_180.uasset
[2019.01.07-18.34.11:205][891]SourceControl:  create mode 100644 Content/StarterContent/Shapes/Shape_Pipe_90.uasset
[2019.01.07-18.34.11:205][891]SourceControl:  create mode 100644 Content/StarterContent/Shapes/Shape_Plane.uasset
[2019.01.07-18.34.11:205][891]SourceControl:  create mode 100644 Content/StarterContent/Shapes/Shape_QuadPyramid.uasset
[2019.01.07-18.34.11:205][891]SourceControl:  create mode 100644 Content/StarterContent/Shapes/Shape_Sphere.uasset
[2019.01.07-18.34.11:205][891]SourceControl:  create mode 100644 Content/StarterContent/Shapes/Shape_Torus.uasset
[2019.01.07-18.34.11:205][891]SourceControl:  create mode 100644 Content/StarterContent/Shapes/Shape_TriPyramid.uasset
[2019.01.07-18.34.11:205][891]SourceControl:  create mode 100644 Content/StarterContent/Shapes/Shape_Trim.uasset
[2019.01.07-18.34.11:205][891]SourceControl:  create mode 100644 Content/StarterContent/Shapes/Shape_Trim_90_In.uasset
[2019.01.07-18.34.11:205][891]SourceControl:  create mode 100644 Content/StarterContent/Shapes/Shape_Trim_90_Out.uasset
[2019.01.07-18.34.11:205][891]SourceControl:  create mode 100644 Content/StarterContent/Shapes/Shape_Tube.uasset
[2019.01.07-18.34.11:205][891]SourceControl:  create mode 100644 Content/StarterContent/Shapes/Shape_Wedge_A.uasset
[2019.01.07-18.34.11:205][891]SourceControl:  create mode 100644 Content/StarterContent/Shapes/Shape_Wedge_B.uasset
[2019.01.07-18.34.11:205][891]SourceControl:  create mode 100644 Content/StarterContent/Shapes/Shape_WideCapsule.uasset
[2019.01.07-18.34.11:205][891]SourceControl:  create mode 100644 Content/StarterContent/Textures/T_Brick_Clay_Beveled_D.uasset
[2019.01.07-18.34.11:205][891]SourceControl:  create mode 100644 Content/StarterContent/Textures/T_Brick_Clay_Beveled_M.uasset
[2019.01.07-18.34.11:205][891]SourceControl:  create mode 100644 Content/StarterContent/Textures/T_Brick_Clay_Beveled_N.uasset
[2019.01.07-18.34.11:205][891]SourceControl:  create mode 100644 Content/StarterContent/Textures/T_Brick_Clay_New_D.uasset
[2019.01.07-18.34.11:206][891]SourceControl:  create mode 100644 Content/StarterContent/Textures/T_Brick_Clay_New_M.uasset
[2019.01.07-18.34.11:206][891]SourceControl:  create mode 100644 Content/StarterContent/Textures/T_Brick_Clay_New_N.uasset
[2019.01.07-18.34.11:206][891]SourceControl:  create mode 100644 Content/StarterContent/Textures/T_Brick_Clay_Old_D.uasset
[2019.01.07-18.34.11:206][891]SourceControl:  create mode 100644 Content/StarterContent/Textures/T_Brick_Clay_Old_N.uasset
[2019.01.07-18.34.11:206][891]SourceControl:  create mode 100644 Content/StarterContent/Textures/T_Brick_Cut_Stone_D.uasset
[2019.01.07-18.34.11:206][891]SourceControl:  create mode 100644 Content/StarterContent/Textures/T_Brick_Cut_Stone_N.uasset
[2019.01.07-18.34.11:206][891]SourceControl:  create mode 100644 Content/StarterContent/Textures/T_Brick_Hewn_Stone_D.uasset
[2019.01.07-18.34.11:206][891]SourceControl:  create mode 100644 Content/StarterContent/Textures/T_Brick_Hewn_Stone_M.uasset
[2019.01.07-18.34.11:206][891]SourceControl:  create mode 100644 Content/StarterContent/Textures/T_Brick_Hewn_Stone_N.uasset
[2019.01.07-18.34.11:206][891]SourceControl:  create mode 100644 Content/StarterContent/Textures/T_Burst_M.uasset
[2019.01.07-18.34.11:206][891]SourceControl:  create mode 100644 Content/StarterContent/Textures/T_Bush_D.uasset
[2019.01.07-18.34.11:206][891]SourceControl:  create mode 100644 Content/StarterContent/Textures/T_Bush_N.uasset
[2019.01.07-18.34.11:206][891]SourceControl:  create mode 100644 Content/StarterContent/Textures/T_Ceramic_Tile_M.uasset
[2019.01.07-18.34.11:206][891]SourceControl:  create mode 100644 Content/StarterContent/Textures/T_Ceramic_Tile_N.uasset
[2019.01.07-18.34.11:206][891]SourceControl:  create mode 100644 Content/StarterContent/Textures/T_Chair_M.uasset
[2019.01.07-18.34.11:206][891]SourceControl:  create mode 100644 Content/StarterContent/Textures/T_Chair_N.uasset
[2019.01.07-18.34.11:206][891]SourceControl:  create mode 100644 Content/StarterContent/Textures/T_Checker_Noise_M.uasset
[2019.01.07-18.34.11:206][891]SourceControl:  create mode 100644 Content/StarterContent/Textures/T_CobbleStone_Pebble_D.uasset
[2019.01.07-18.34.11:206][891]SourceControl:  create mode 100644 Content/StarterContent/Textures/T_CobbleStone_Pebble_M.uasset
[2019.01.07-18.34.11:206][891]SourceControl:  create mode 100644 Content/StarterContent/Textures/T_CobbleStone_Pebble_N.uasset
[2019.01.07-18.34.11:206][891]SourceControl:  create mode 100644 Content/StarterContent/Textures/T_CobbleStone_Rough_D.uasset
[2019.01.07-18.34.11:206][891]SourceControl:  create mode 100644 Content/StarterContent/Textures/T_CobbleStone_Rough_N.uasset
[2019.01.07-18.34.11:206][891]SourceControl:  create mode 100644 Content/StarterContent/Textures/T_CobbleStone_Smooth_D.uasset
[2019.01.07-18.34.11:206][891]SourceControl:  create mode 100644 Content/StarterContent/Textures/T_CobbleStone_Smooth_M.uasset
[2019.01.07-18.34.11:206][891]SourceControl:  create mode 100644 Content/StarterContent/Textures/T_CobbleStone_Smooth_N.uasset
[2019.01.07-18.34.11:206][891]SourceControl:  create mode 100644 Content/StarterContent/Textures/T_Concrete_Grime_D.uasset
[2019.01.07-18.34.11:206][891]SourceControl:  create mode 100644 Content/StarterContent/Textures/T_Concrete_Panels_D.uasset
[2019.01.07-18.34.11:206][891]SourceControl:  create mode 100644 Content/StarterContent/Textures/T_Concrete_Panels_N.uasset
[2019.01.07-18.34.11:206][891]SourceControl:  create mode 100644 Content/StarterContent/Textures/T_Concrete_Poured_D.uasset
[2019.01.07-18.34.11:207][891]SourceControl:  create mode 100644 Content/StarterContent/Textures/T_Concrete_Poured_N.uasset
[2019.01.07-18.34.11:207][891]SourceControl:  create mode 100644 Content/StarterContent/Textures/T_Concrete_Tiles_D.uasset
[2019.01.07-18.34.11:207][891]SourceControl:  create mode 100644 Content/StarterContent/Textures/T_Concrete_Tiles_M.uasset
[2019.01.07-18.34.11:207][891]SourceControl:  create mode 100644 Content/StarterContent/Textures/T_Concrete_Tiles_N.uasset
[2019.01.07-18.34.11:207][891]SourceControl:  create mode 100644 Content/StarterContent/Textures/T_Concrete_Tiles_Variation_M.uasset
[2019.01.07-18.34.11:207][891]SourceControl:  create mode 100644 Content/StarterContent/Textures/T_Detail_Rocky_N.uasset
[2019.01.07-18.34.11:207][891]SourceControl:  create mode 100644 Content/StarterContent/Textures/T_Door_M.uasset
[2019.01.07-18.34.11:207][891]SourceControl:  create mode 100644 Content/StarterContent/Textures/T_Door_N.uasset
[2019.01.07-18.34.11:207][891]SourceControl:  create mode 100644 Content/StarterContent/Textures/T_Dust_Particle_D.uasset
[2019.01.07-18.34.11:207][891]SourceControl:  create mode 100644 Content/StarterContent/Textures/T_Explosion_SubUV.uasset
[2019.01.07-18.34.11:207][891]SourceControl:  create mode 100644 Content/StarterContent/Textures/T_Fire_SubUV.uasset
[2019.01.07-18.34.11:207][891]SourceControl:  create mode 100644 Content/StarterContent/Textures/T_Fire_Tiled_D.uasset
[2019.01.07-18.34.11:207][891]SourceControl:  create mode 100644 Content/StarterContent/Textures/T_Frame_M.uasset
[2019.01.07-18.34.11:207][891]SourceControl:  create mode 100644 Content/StarterContent/Textures/T_Frame_N.uasset
[2019.01.07-18.34.11:207][891]SourceControl:  create mode 100644 Content/StarterContent/Textures/T_Gradinet_01.uasset
[2019.01.07-18.34.11:207][891]SourceControl:  create mode 100644 Content/StarterContent/Textures/T_Ground_Grass_D.uasset
[2019.01.07-18.34.11:207][891]SourceControl:  create mode 100644 Content/StarterContent/Textures/T_Ground_Grass_N.uasset
[2019.01.07-18.34.11:207][891]SourceControl:  create mode 100644 Content/StarterContent/Textures/T_Ground_Gravel_D.uasset
[2019.01.07-18.34.11:207][891]SourceControl:  create mode 100644 Content/StarterContent/Textures/T_Ground_Gravel_N.uasset
[2019.01.07-18.34.11:207][891]SourceControl:  create mode 100644 Content/StarterContent/Textures/T_Ground_Moss_N.uasset
[2019.01.07-18.34.11:207][891]SourceControl:  create mode 100644 Content/StarterContent/Textures/T_Lamp_M.uasset
[2019.01.07-18.34.11:207][891]SourceControl:  create mode 100644 Content/StarterContent/Textures/T_Lamp_N.uasset
[2019.01.07-18.34.11:207][891]SourceControl:  create mode 100644 Content/StarterContent/Textures/T_MacroVariation.uasset
[2019.01.07-18.34.11:207][891]SourceControl:  create mode 100644 Content/StarterContent/Textures/T_Metal_Aluminum_D.uasset
[2019.01.07-18.34.11:208][891]SourceControl:  create mode 100644 Content/StarterContent/Textures/T_Metal_Copper_D.uasset
[2019.01.07-18.34.11:208][891]SourceControl:  create mode 100644 Content/StarterContent/Textures/T_Metal_Gold_D.uasset
[2019.01.07-18.34.11:208][891]SourceControl:  create mode 100644 Content/StarterContent/Textures/T_Metal_Gold_N.uasset
[2019.01.07-18.34.11:208][891]SourceControl:  create mode 100644 Content/StarterContent/Textures/T_Metal_Rust_D.uasset
[2019.01.07-18.34.11:208][891]SourceControl:  create mode 100644 Content/StarterContent/Textures/T_Metal_Rust_N.uasset
[2019.01.07-18.34.11:208][891]SourceControl:  create mode 100644 Content/StarterContent/Textures/T_Metal_Steel_D.uasset
[2019.01.07-18.34.11:208][891]SourceControl:  create mode 100644 Content/StarterContent/Textures/T_Metal_Steel_N.uasset
[2019.01.07-18.34.11:208][891]SourceControl:  create mode 100644 Content/StarterContent/Textures/T_Perlin_Noise_M.uasset
[2019.01.07-18.34.11:208][891]SourceControl:  create mode 100644 Content/StarterContent/Textures/T_RockMesh_M.uasset
[2019.01.07-18.34.11:208][891]SourceControl:  create mode 100644 Content/StarterContent/Textures/T_RockMesh_N.uasset
[2019.01.07-18.34.11:208][891]SourceControl:  create mode 100644 Content/StarterContent/Textures/T_Rock_Basalt_D.uasset
[2019.01.07-18.34.11:208][891]SourceControl:  create mode 100644 Content/StarterContent/Textures/T_Rock_Basalt_N.uasset
[2019.01.07-18.34.11:208][891]SourceControl:  create mode 100644 Content/StarterContent/Textures/T_Rock_Marble_Polished_D.uasset
[2019.01.07-18.34.11:208][891]SourceControl:  create mode 100644 Content/StarterContent/Textures/T_Rock_Sandstone_D.uasset
[2019.01.07-18.34.11:208][891]SourceControl:  create mode 100644 Content/StarterContent/Textures/T_Rock_Sandstone_N.uasset
[2019.01.07-18.34.11:208][891]SourceControl:  create mode 100644 Content/StarterContent/Textures/T_Rock_Slate_D.uasset
[2019.01.07-18.34.11:208][891]SourceControl:  create mode 100644 Content/StarterContent/Textures/T_Rock_Slate_N.uasset
[2019.01.07-18.34.11:208][891]SourceControl:  create mode 100644 Content/StarterContent/Textures/T_Rock_Smooth_Granite_D.uasset
[2019.01.07-18.34.11:208][891]SourceControl:  create mode 100644 Content/StarterContent/Textures/T_Shelf_M.uasset
[2019.01.07-18.34.11:208][891]SourceControl:  create mode 100644 Content/StarterContent/Textures/T_Shelf_N.uasset
[2019.01.07-18.34.11:208][891]SourceControl:  create mode 100644 Content/StarterContent/Textures/T_Single_Tile_N.uasset
[2019.01.07-18.34.11:208][891]SourceControl:  create mode 100644 Content/StarterContent/Textures/T_Smoke_SubUV.uasset
[2019.01.07-18.34.11:208][891]SourceControl:  create mode 100644 Content/StarterContent/Textures/T_Smoke_Tiled_D.uasset
[2019.01.07-18.34.11:208][891]SourceControl:  create mode 100644 Content/StarterContent/Textures/T_Spark_Core.uasset
[2019.01.07-18.34.11:208][891]SourceControl:  create mode 100644 Content/StarterContent/Textures/T_Statue_M.uasset
[2019.01.07-18.34.11:208][891]SourceControl:  create mode 100644 Content/StarterContent/Textures/T_Statue_N.uasset
[2019.01.07-18.34.11:208][891]SourceControl:  create mode 100644 Content/StarterContent/Textures/T_TableRound_M.uasset
[2019.01.07-18.34.11:208][891]SourceControl:  create mode 100644 Content/StarterContent/Textures/T_TableRound_N.uasset
[2019.01.07-18.34.11:208][891]SourceControl:  create mode 100644 Content/StarterContent/Textures/T_Tech_Dot_M.uasset
[2019.01.07-18.34.11:208][891]SourceControl:  create mode 100644 Content/StarterContent/Textures/T_Tech_Dot_N.uasset
[2019.01.07-18.34.11:208][891]SourceControl:  create mode 100644 Content/StarterContent/Textures/T_Tech_Hex_Tile_M.uasset
[2019.01.07-18.34.11:208][891]SourceControl:  create mode 100644 Content/StarterContent/Textures/T_Tech_Hex_Tile_N.uasset
[2019.01.07-18.34.11:208][891]SourceControl:  create mode 100644 Content/StarterContent/Textures/T_Tech_Panel_M.uasset
[2019.01.07-18.34.11:208][891]SourceControl:  create mode 100644 Content/StarterContent/Textures/T_Tech_Panel_N.uasset
[2019.01.07-18.34.11:208][891]SourceControl:  create mode 100644 Content/StarterContent/Textures/T_Water_M.uasset
[2019.01.07-18.34.11:208][891]SourceControl:  create mode 100644 Content/StarterContent/Textures/T_Water_N.uasset
[2019.01.07-18.34.11:208][891]SourceControl:  create mode 100644 Content/StarterContent/Textures/T_Wood_Floor_Walnut_D.uasset
[2019.01.07-18.34.11:209][891]SourceControl:  create mode 100644 Content/StarterContent/Textures/T_Wood_Floor_Walnut_M.uasset
[2019.01.07-18.34.11:209][891]SourceControl:  create mode 100644 Content/StarterContent/Textures/T_Wood_Floor_Walnut_N.uasset
[2019.01.07-18.34.11:209][891]SourceControl:  create mode 100644 Content/StarterContent/Textures/T_Wood_Oak_D.uasset
[2019.01.07-18.34.11:209][891]SourceControl:  create mode 100644 Content/StarterContent/Textures/T_Wood_Oak_N.uasset
[2019.01.07-18.34.11:209][891]SourceControl:  create mode 100644 Content/StarterContent/Textures/T_Wood_Pine_D.uasset
[2019.01.07-18.34.11:209][891]SourceControl:  create mode 100644 Content/StarterContent/Textures/T_Wood_Pine_N.uasset
[2019.01.07-18.34.11:209][891]SourceControl:  create mode 100644 Content/StarterContent/Textures/T_Wood_Walnut_D.uasset
[2019.01.07-18.34.11:209][891]SourceControl:  create mode 100644 Content/StarterContent/Textures/T_Wood_Walnut_N.uasset
[2019.01.07-18.34.11:209][891]SourceControl:  create mode 100644 Content/StarterContent/Textures/T_ground_Moss_D.uasset
[2019.01.07-18.34.11:209][891]SourceControl:  create mode 100644 Content/TopDownBP/Blueprints/M_Cursor_Decal.uasset
[2019.01.07-18.34.11:209][891]SourceControl:  create mode 100644 Content/TopDownBP/Character/TopDownIdleRun.uasset
[2019.01.07-18.34.11:209][891]SourceControl:  create mode 100644 Content/TopDownBP/Character/TopDownSkeletalMesh.uasset
[2019.01.07-18.34.11:209][891]SourceControl:  create mode 100644 Content/TopDownBP/Maps/Test.umap
[2019.01.07-18.34.11:209][891]SourceControl:  create mode 100644 Content/TopDownBP/Maps/TopDownExampleMap.umap
[2019.01.07-18.34.11:209][891]SourceControl:  create mode 100644 Content/TopDownBP/Maps/TopDownExampleMap_BuiltData.uasset
[2019.01.07-18.34.11:209][891]SourceControl:  create mode 100644 Content/TopDownBP/Materials/RandomColor_M.uasset
[2019.01.07-18.34.11:209][891]SourceControl:  create mode 100644 Content/TopDownBP/TopDownOverview.uasset
[2019.01.07-18.34.41:840][ 90]LogSlate: Window 'Source Control Login' being destroyed
[2019.01.07-18.35.00:085][418]SourceControl: fatal: C:/Program Files/Epic Games/UE_4.20/Engine/Content: 'C:/Program Files/Epic Games/UE_4.20/Engine/Content' is outside repository
[2019.01.07-18.35.00:626][418]EditorErrors: Warning: No assets to check in!
[2019.01.07-18.39.04:098][201]LogDirectoryWatcher: A directory notification failed for 'C:/Users/User/Documents/Unreal Projects/AgarIO/Saved/Collections/' because it could not be accessed. Aborting watch request...
[2019.01.07-18.39.04:434][202]LogDirectoryWatcher: A directory notification failed for 'C:/Users/User/Documents/Unreal Projects/AgarIO/Content/Developers/User/Collections/' because it could not be accessed. Aborting watch request...
[2019.01.07-18.39.04:434][202]LogDirectoryWatcher: A directory notification failed for 'C:/Users/User/Documents/Unreal Projects/AgarIO/Content/Collections/' because it could not be accessed. Aborting watch request...
